# callgrind format
version: 1
creator: callgrind-3.16.1
pid: 6043
cmd:  ./build-release/hash_table.out
part: 1


desc: I1 cache: 
desc: D1 cache: 
desc: LL cache: 

desc: Timerange: Basic block 0 - 642706567
desc: Trigger: Program termination

positions: line
events: Ir
summary: 3190381646


ob=(2) ???
fl=(17) ???
fn=(318) 0x000000000482e000
0 6

fn=(364) 0x0000000000401000
0 6

fn=(880) 0x00000000004021e4
0 3

fn=(92) 0x0000000004001080
0 3
cob=(1) /usr/lib/x86_64-linux-gnu/ld-2.31.so
cfi=(18) ./elf/dl-minimal.c
cfn=(94) free
calls=3 111 
0 12

fn=(808) 0x0000000004874318
0 4
cob=(3) /usr/lib/x86_64-linux-gnu/libc-2.31.so
cfi=(102) ./malloc/malloc.c
cfn=(782) free
calls=4 3087 
0 410

fn=(470) 0x0000000004874308
0 5
cob=(3)
cfi=(102)
cfn=(428) malloc
calls=5 3031 
0 20867

fn=(888) 0x000000000482e040
0 1
cob=(3)
cfi=(157) ./stdlib/cxa_finalize.c
cfn=(890) __cxa_finalize
calls=1 30 
0 74

fn=(906) 0x000000000482e278
0 3

ob=(5) /home/stanislav/DedSemester2/HashTable/build-release/hash_table.out
fl=(93) ???
fn=(388) 0x0000000000401740
0 7
cfn=(390) 0x0000000000401212
calls=1 0 
0 75966
0 4
cob=(1)
cfi=(100) ./elf/../sysdeps/x86_64/dl-trampoline.h
cfn=(398) _dl_runtime_resolve_xsave
calls=1 72 
0 1265
0 5
0 4
cob=(3)
cfi=(113) ./libio/iofopen.c
cfn=(466) fopen@@GLIBC_2.2.5
calls=1 86 
0 582
0 1
0 4
cob=(1)
cfi=(100)
cfn=(398)
calls=1 72 
0 1086
0 5
0 6
cob=(1)
cfi=(100)
cfn=(398)
calls=1 72 
0 677
0 5
0 1
cob=(1)
cfi=(100)
cfn=(398)
calls=1 72 
0 680
0 5
0 191738
cfn=(580) 0x0000000000401299
calls=31956 0 
0 136705949
0 159780
cob=(3)
cfi=(111) ./string/../sysdeps/x86_64/multiarch/memset-vec-unaligned-erms.S
cfn=(448) __memset_avx2_unaligned_erms
calls=31956 168 
0 351516
0 31956
0 191742
cob=(3)
cfi=(123) ./stdio-common/isoc99_fscanf.c
cfn=(540) __isoc99_fscanf
calls=31956 25 
0 17102942
cob=(1)
cfi=(100)
cfn=(398)
calls=1 72 
0 1672
0 31961
0 150293337
cfn=(684) 0x000000000040138d
calls=29859264 0 
0 2463478400
0 92843649
cob=(3)
cfi=(111)
cfn=(448)
calls=466551 168 
0 5132061
0 466551
0 2799312
cob=(3)
cfi=(123)
cfn=(540)
calls=466552 25 
0 306734604
0 466552
0 933105
cob=(3)
cfi=(121) ./time/../sysdeps/unix/sysv/linux/clock.c
cfn=(528) clock
calls=1 25 
0 43
0 1
0 13
cob=(1)
cfi=(100)
cfn=(398)
calls=1 72 
0 4787
0 5
0 6
cob=(1)
cfi=(100)
cfn=(398)
calls=1 72 
0 780
0 5
0 3
cob=(1)
cfi=(100)
cfn=(398)
calls=1 72 
0 1229
0 5
0 3
cob=(3)
cfi=(151) ./libio/iofclose.c
cfn=(790) fclose@@GLIBC_2.2.5
calls=1 34 
0 508
0 1
0 3
cfn=(820) 0x00000000004014e6
calls=1 0 
0 12258287
0 4

fn=(590) 0x0000000000401e1d
0 277907082
cob=(3)
cfi=(133) ./string/../sysdeps/x86_64/multiarch/strcmp-avx2.S
cfn=(644) __strcmp_avx2
calls=6462886 92 
0 135696540
cob=(1)
cfi=(100)
cfn=(398)
calls=1 72 
0 688
0 6462891
0 181409361

fn=(350) 0x0000000000401130
0 11
cob=(3)
cfi=(94) ./csu/../csu/libc-start.c
cfn=(352) (below main)
calls=1 137 
0 3190264095

fn=(362) 0x0000000000402180
0 14
cob=(2)
cfi=(17)
cfn=(364)
calls=1 0 
0 6
0 8
cfn=(372) 0x0000000000401210
calls=1 0 
0 10
0 11

fn=(600) 0x0000000000401da9
0 286307
cfn=(604) 0x0000000000401cd8
calls=7375 0 
0 9125529
0 15794957
cfn=(604)
calls=23804 0 
0 29470862
0 133770

fn=(584) 0x0000000000401576
0 1046192700

fn=(820)
0 851990
cfn=(828) 0x0000000000402047
calls=65537 0 
0 11012892
0 393230
cob=(3)
cfi=(102)
cfn=(782)
calls=1 3087 
0 67
0 1
0 3
cob=(3)
cfi=(102)
cfn=(782)
calls=1 3087 
0 99
0 1
0 4

fn=(372)
0 10

fn=(390)
0 7
cob=(1)
cfi=(100)
cfn=(398)
calls=1 72 
0 75646
0 5
0 7
cob=(3)
cfi=(102)
cfn=(404) calloc
calls=1 3366 
0 287
0 1
0 13

fn=(828)
0 645833
cfn=(838) 0x00000000004020ab
calls=31179 0 
0 9914658
0 452401

fn=(604)
0 249432
cob=(3)
cfi=(102)
cfn=(404)
calls=31179 3366 
0 6801063
0 31179
0 187074
cob=(3)
cfi=(102)
cfn=(502) memalign
calls=31179 3261 
0 11255523
0 31179
0 187074
cob=(3)
cfi=(102)
cfn=(502)
calls=31179 3261 
0 17177059
0 31179
0 530043
cob=(3)
cfi=(132) ./string/../sysdeps/x86_64/multiarch/strcpy-avx2.S
cfn=(622) __strcpy_avx2
calls=31178 56 
0 854757
cob=(1)
cfi=(100)
cfn=(398)
calls=1 72 
0 714
0 31183
0 187074
cob=(3)
cfi=(132)
cfn=(622)
calls=31179 56 
0 854784
0 31179
0 155895

fn=(684)
0 298592640
cfn=(584)
calls=29859264 0 
0 1045074240
0 537466752
cfn=(590)
calls=29859264 0 
0 522626240
0 59718528

fn=(838)
0 249432
cob=(3)
cfi=(102)
cfn=(782)
calls=31179 3087 
0 3086659
0 31179
0 124716
cob=(3)
cfi=(102)
cfn=(782)
calls=31179 3087 
0 3086661
0 31179
0 93537
cob=(3)
cfi=(102)
cfn=(782)
calls=31179 3087 
0 3086579
0 31179
0 93537

fn=(580)
0 383472
cfn=(584)
calls=31956 0 
0 1118460
0 575208
cfn=(590)
calls=31956 0 
0 78850322
0 750627
cfn=(600)
calls=31179 0 
0 54811425
0 98199
cob=(3)
cfi=(132)
cfn=(622)
calls=777 56 
0 20814
0 777
0 96645

fn=(870) 0x00000000004011e0
0 5
cfn=(874) 0x0000000000401170
calls=1 0 
0 4
0 3

fn=(874)
0 4

ob=(1)
fl=(37) ./elf/dl-misc.c
fn=(122) _dl_name_match_p
282 70
+1 28
cfi=(21) ./string/../sysdeps/x86_64/strcmp.S
cfn=(56) strcmp
calls=14 144 
* 481
* 14
+1 14
-1 28
+3 14
+2 28
+4 15
-4 30
+1 54
cfi=(21)
cfn=(56)
calls=18 144 
* 678
* 36
-5 3
+11 23
-1 11
+1 33

fn=(158) _dl_sysdep_read_whole_file
44 1
+3 1
-3 6
+3 1
-3 1
+3 1
cfi=(38) ./io/../sysdeps/unix/sysv/linux/open64_nocancel.c
cfn=(126) __open_nocancel
calls=1 -10 
* 18
+1 2
+23 7
-21 5
cfi=(41) ./io/../sysdeps/unix/sysv/linux/wordsize-64/fxstat.c
cfn=(134) _fxstat
calls=1 -17 
* 10
* 2
+2 2
+3 2
+13 2
cfi=(45) ./io/../sysdeps/unix/sysv/linux/close_nocancel.c
cfn=(144) __GI___close_nocancel
calls=1 -42 
* 5
* 1
-11 6
cfi=(42) ./misc/../sysdeps/unix/sysv/linux/mmap64.c
cfn=(136) mmap
calls=1 -6 
* 19
* 2

fl=(36) ./setjmp/../sysdeps/x86_64/setjmp.S
fn=(116) __sigsetjmp
32 3
+9 3
+1 6
+1 3
+4 3
+1 3
+1 3
+1 3
+1 3
+2 6
+2 3
+1 3
+3 6
+2 3
+19 3
+1 3

fl=(49) ./elf/dl-cache.c
fn=(164) _dl_cache_libcmp
142 33
+4 53
-2 53
+2 53
-2 106
+20 104
+2 104
-24 42
+28 42
+1 42
-29 84
+4 2
+8 1
-2 2
+1 2
+1 2
-2 1
+2 1
+2 3
-3 1
+3 1
+2 2
cfn=(165) _dl_cache_libcmp'2
calls=1 -16 
* 6
+9 20

fn=(165)
142 3
+32 3

fn=(308) _dl_unload_cache
349 4
-1 1
+3 2
cfi=(52) ./misc/../sysdeps/unix/syscall-template.S
cfn=(310) munmap
calls=1 117 
* 5
+1 1
+2 2

fn=(156) _dl_load_cache_lookup
187 9
+8 2
+3 3
+72 1
+9 1
-9 2
+11 1
-2 1
fi=(51) ./elf/../sysdeps/x86/dl-procinfo.h
39 2
+3 3
cfi=(21)
cfn=(56)
calls=1 144 
* 65
* 4
fe=(49)
285 4
cfi=(8) ./elf/dl-tunables.c
cfn=(26) __tunable_get_val
calls=1 +82 
* 19
* 2
+8 2
+15 141
cfn=(164)
calls=10 142 
* 690
* 44
+31 2
-31 10
cfn=(164)
calls=1 142 
* 70
* 6
-15 2
+1 3
+14 1
-15 2
+15 32
+16 2
+4 2
+8 3
cfi=(13) ./string/../sysdeps/x86_64/multiarch/../strlen.S
cfn=(28) strlen
calls=1 79 
* 34
+1 1
-1 6
+1 1
cfi=(19) ./string/../sysdeps/x86_64/multiarch/memmove-vec-unaligned-erms.S
cfn=(46) memcpy
calls=1 135 
* 10
* 1
+1 1
cfi=(31) ./string/strdup.c
cfn=(90) strdup
calls=1 40 
* 86
+1 8
201 4
cfi=(37)
cfn=(158)
calls=1 44 
* 94
* 1
+8 5
+1 8
fi=(50) ./elf/../sysdeps/generic/dl-cache.h
-58 1
+1 5
fe=(49)
+65 1
+1 2

fl=(53) ./malloc/scratch_buffer_set_array_size.c
fn=(170) __libc_scratch_buffer_set_array_size
34 2
-4 2
+1 2
+3 2
-3 2
-1 2
+5 2
-5 4
+5 2
+11 2
-1 4
+18 8

fl=(35) ./elf/dl-error-skeleton.c
fn=(110) _dl_catch_error
225 9
+2 2
cfn=(114) _dl_catch_exception
calls=1 -52 
* 2515
* 1
+1 2
+1 1
+1 1
-1 1
+1 1
+2 5

fn=(176) _dl_receive_error
238 5
+1 1
+1 1
+3 1
+1 1
+2 1
cfi=(2) ./elf/rtld.c
cfn=(178) version_check_doit
calls=1 675 
* 3116
+2 1
+1 1
+1 4

fn=(114)
175 6
+5 3
-5 9
+5 3
-2 6
+21 3
+7 6
-7 3
+1 6
+3 6
+3 3
cfi=(36)
cfn=(116)
calls=3 32 
* 57
* 9
+2 9
cfi=(47) ./elf/dl-deps.c
cfn=(150) openaux
calls=2 61 
* 5990
cfi=(2)
cfn=(118) map_doit
calls=1 642 
* 2462
+2 3
-1 3
+1 3
-1 3
+1 6
+9 12

fl=(1) ???
fn=(0) 0x0000000000001090
0 2
cfi=(2)
cfn=(2) _dl_start
calls=1 499 
0 115447
0 14
cfi=(84) ./elf/dl-init.c
cfn=(314) _dl_init
calls=1 79 
0 2074
0 3
cob=(5)
cfi=(93)
cfn=(350)
calls=1 0 
0 3190264106

fl=(106) ./elf/dl-open.c
fn=(420) _dl_find_dso_for_object
201 5
+4 5
+1 4
+1 12
+1 2
-2 6
+5 2
+4 7

fl=(52)
fn=(310)
117 4
+5 1

fn=(166) mprotect
117 20
+5 5

fl=(8)
fn=(26)
367 120
+9 20
-9 78
+9 3
+17 100
+2 20
-9 17
+1 17

fn=(14) __GI___tunables_init
283 8
-9 4
67 140
+6 45
-3 45
+3 4008
-6 90
358 8
77 90
+5 45
-9 45
-6 45
fi=(9) ./elf/dl-tunables.h
+52 45
fe=(8)
-37 135
fi=(9)
+38 120
-1 45
+5 15
-5 30
+1 120
fe=(8)
324 135
-12 6300
fi=(9)
119 810
fe=(8)
-52 405
fi=(9)
+52 1215
+1 18
-1 459
+1 1233
fe=(8)
306 5040
70 90

fl=(26) ./elf/dl-load.c
fn=(80) fillin_rpath.isra.0
445 7
+4 1
-4 9
+6 3
cfi=(18)
cfn=(82) strsep
calls=1 265 
* 284
* 3
cfi=(18)
cfn=(82)
calls=1 265 
* 9
* 6
+7 2
+2 3
cfn=(84) expand_dynamic_string_token
calls=1 -82 
* 126
* 1
+4 2
+5 2
cfi=(13)
cfn=(28)
calls=1 79 
* 16
* 1
+1 2
+7 5
+9 17
+1 8
+55 2
+2 2
cob=(2)
cfi=(17)
cfn=(92)
calls=1 0 
* 5
* 1
-39 2
+4 9
cfi=(18)
cfn=(44) malloc
calls=1 49 
* 24
* 1
+2 3
-2 1
+2 1
+5 1
+1 3
-2 1
+2 1
cfi=(19)
cfn=(76) mempcpy
calls=1 122 
* 12
+3 2
-3 1
+1 1
+2 1
+6 3
+1 1
-1 1
+1 3
+1 1
-1 3
+1 7
-1 21
+3 1
+1 1
-1 1
+1 1
+7 1
+1 2
-57 4
+23 2
+43 1
+3 8
-15 2

fn=(86) _dl_dst_count
231 4
+3 4
-3 8
+7 4
-7 8
+3 4
cfi=(30) ./string/../sysdeps/x86_64/multiarch/../strchr.S
cfn=(88) index
calls=4 24 
* 181
+3 8
+20 28

fn=(130) _dl_map_object_from_fd
866 22
+10 2
-10 2
+10 2
-10 4
+10 2
cfi=(32) ./elf/dl-debug.c
cfn=(96) _dl_debug_initialize
calls=2 49 
* 16
* 2
+7 8
+61 8
+10 4
+7 8
+33 4
877 2
997 14
cfi=(16) ./elf/dl-object.c
cfn=(36) _dl_new_object
calls=2 59 
* 838
* 2
+1 4
+11 2
+5 2
-5 2
+1 4
+1 2
+2 2
-2 2
+2 4
+1 6
+1 4
+19 2
-2 2
+2 6
+8 2
-8 2
+8 4
-8 6
+8 2
-8 2
+8 4
+90 2
-6 2
-90 2
+30 2
+23 2
+43 2
-6 2
-91 2
+31 2
+66 2
-52 2
-50 4
+13 52
+17 2
+1 1
-19 57
+1 103
1144 2
1042 2
1144 2
+1 4
1042 6
1157 6
1010 4
1170 4
+10 4
fi=(43) ./elf/./dl-map-segments.h
56 4
fe=(26)
1180 6
fi=(43)
56 2
fe=(26)
1180 6
fi=(43)
56 4
-6 2
+6 4
-6 2
+6 2
cfi=(42)
cfn=(136)
calls=2 -5 
* 38
+4 4
-4 2
+4 2
+3 4
+1 2
+2 2
-3 2
+1 2
+2 2
+14 2
+2 2
fi=(44) ./elf/./dl-load.h
+8 16
+1 6
+2 16
fi=(43)
+11 32
+8 2
-2 2
+1 2
+2 2
-1 2
+1 2
-1 2
+3 4
+5 4
+3 4
+8 16
cfi=(29) ./string/../sysdeps/x86_64/multiarch/memset-vec-unaligned-erms.S
cfn=(78) memset
calls=2 -22 
* 312
+1 6
+5 4
+12 8
-59 40
+2 12
+2 6
-2 12
+2 48
cfi=(42)
cfn=(136)
calls=6 -43 
* 102
* 18
fe=(26)
1043 22
+23 24
+5 56
+10 16
-1 8
+4 16
-4 8
-1 8
+2 16
+2 8
-2 8
-1 8
+1 8
+1 8
-1 8
+2 8
+1 8
+4 16
+1 30
+5 6
-1 6
+1 6
-1 6
+1 24
-15 6
+15 12
+10 6
-10 2
-1 2
+1 2
-1 2
+1 8
-15 2
+15 4
+10 2
-55 4
+5 4
+1 8
+52 3
+4 1
+1 2
-58 1
+62 5
+1 1
+3 1
-3 1
+8 4
+15 4
+1 2
fi=(40) ./elf/../sysdeps/posix/dl-fileid.h
37 8
cfi=(41)
cfn=(134)
calls=2 -4 
* 20
* 4
fe=(26)
901 4
fi=(40)
40 2
+1 2
fe=(26)
901 2
fi=(40)
40 2
fe=(26)
901 2
fi=(40)
41 2
fe=(26)
901 21
+1 10
fi=(40)
49 12
fe=(26)
1417 18
920 4
fi=(43)
73 10
cfi=(52)
cfn=(166)
calls=1 +44 
* 5
* 3
fe=(26)
1192 8
+9 6
fi=(3) ./elf/get-dynamic-info.h
42 2
+6 2
-2 2
+2 4
+15 2
+5 2
+3 2
-2 2
-2 2
-3 4
-1 40
+1 24
-16 8
+26 8
-26 53
+26 37
-26 74
+2 90
+17 70
fi=(44)
+27 4
+2 1
-1 2
+1 1
-1 1
+1 1
-1 1
+1 1
-1 2
+3 4
fi=(3)
-33 10
+3 8
+3 8
+1 4
+1 4
+8 4
+20 7
+1 8
+1 8
+1 8
+2 8
+5 8
+1 7
+1 8
+5 6
+5 4
+7 4
+1 6
+18 6
+5 2
+2 2
+2 2
+2 2
+3 6
+2 3
+1 2
+9 2
+5 2
+3 4
fe=(26)
1208 4
+2 4
+19 6
+19 4
+2 10
+48 6
+1 2
+3 2
cfi=(45)
cfn=(144)
calls=1 26 
* 5
* 2
cfi=(45)
cfn=(144)
calls=1 26 
* 5
* 4
+9 4
+2 8
+2 4
+16 4
cfi=(6) ./elf/dl-lookup.c
cfn=(10) _dl_setup_hash
calls=2 964 
* 46
+4 4
+1 4
+17 4
+4 2
+5 2
-5 2
+5 2
+10 4
+9 4
+1 4
+5 1
cfi=(33) ./elf/../elf/dl-tls.c
cfn=(168) _dl_next_tls_modid
calls=1 107 
* 6
* 1
+7 3
cfi=(16)
cfn=(50) _dl_add_to_namespace_list
calls=1 31 
* 45
* 3
cfi=(16)
cfn=(50)
calls=1 31 
* 41
+4 6
-44 2
fi=(43)
141 8
cfi=(42)
cfn=(136)
calls=1 -90 
* 17
+3 2
fe=(26)
1207 2

fn=(70) _dl_init_paths
681 1
+13 2
-13 8
+13 3
cfi=(27) ./elf/dl-hwcaps.c
cfn=(72) _dl_important_hwcaps
calls=1 42 
* 733
+5 1
-5 1
+5 1
cfi=(18)
cfn=(44)
calls=1 49 
* 24
* 1
-1 1
+2 2
+7 2
+1 4
-1 3
+4 4
cfi=(18)
cfn=(44)
calls=1 49 
* 24
* 1
* 2
+2 2
+7 1
+10 1
-2 2
+2 1
+3 2
+9 1
-7 1
+7 2
-3 1
-20 1
+12 1
+3 1
+8 1
-3 1
+1 16
cfi=(29)
cfn=(78)
calls=4 109 
* 48
+2 18
-14 3
+10 3
-10 3
+14 3
-12 6
+4 3
+4 3
-7 3
+3 3
+1 3
-2 3
+5 3
+1 3
-4 3
+4 3
+14 1
-11 1
+6 1
+1 1
+5 2
+2 4
+2 3
+38 5
-19 1
-2 1
+2 2
+21 3
cfi=(13)
cfn=(28)
calls=1 79 
* 16
* 8
cfi=(19)
cfn=(46)
calls=1 135 
* 10
* 1
+5 4
-1 2
+2 1
+1 1
-1 15
+1 13
-1 26
-1 56
+5 2
cfi=(18)
cfn=(44)
calls=1 49 
* 24
* 1
-1 1
+1 1
+1 2
+6 6
cfn=(80)
calls=1 445 
* 645
+3 3
+6 1
+4 8
-37 2

fn=(152) open_path
1779 8
+1 1
-1 6
+1 1
+6 2
+5 2
-7 1
+7 1
-8 1
+8 6
+3 3
+9 6
+7 3
-12 1
+13 1
-1 1
cfi=(19)
cfn=(76)
calls=1 122 
* 12
* 1
+47 3
+8 2
-54 58
+3 24
+4 64
cfi=(19)
cfn=(76)
calls=8 122 
* 101
* 32
cfi=(19)
cfn=(76)
calls=8 122 
* 96
+3 16
+3 24
+3 56
cfn=(124) open_verify.constprop.0
calls=8 1466 
* 424
* 8
+2 24
+2 16
+65 7
+7 2
-2 1
+2 3
+3 3
-13 1
+27 9
-84 40
+1 64
+6 16
+2 16
-2 24
+2 16
cfi=(48) ./io/../sysdeps/unix/sysv/linux/wordsize-64/xstat.c
cfn=(154) _xstat
calls=8 33 
* 101
* 8
+3 8
-3 16
+1 1
+2 1
-2 1
+2 30

fn=(124)
1466 110
+39 10
-39 10
+39 20
+31 40
cfi=(38)
cfn=(126)
calls=10 37 
* 204
* 10
+2 20
+11 2
+6 4
-5 2
+5 16
cfi=(39) ./io/../sysdeps/unix/sysv/linux/read_nocancel.c
cfn=(128) __read_nocancel
calls=2 26 
* 10
+2 4
+2 4
+2 4
+6 4
+16 18
-65 8
1765 90
1583 14
+74 4
+5 4
+2 8
+6 4
+6 2
+1 2
-1 6
+1 6
+1 4
+20 8
1543 4
1698 96
+1 40
+1 8
+4 8
+17 2
+8 18
+15 2
+6 3
-3 1
+1 1
+3 1
-3 2
+1 1
-1 1
-1 1
+4 2
1583 3
1761 4
cob=(2)
cfi=(17)
cfn=(92)
calls=2 0 
* 10
* 2
-29 18
-1 2
+4 6
+5 1
+1 2
-36 8

fn=(120) _dl_map_object
1927 27
+8 6
+1 12
+3 42
+5 49
+2 21
cfi=(37)
cfn=(122)
calls=7 282 
* 821
* 14
+4 12
+1 18
+3 2
+1 2
+1 2
-1 2
+1 2
cfi=(21)
cfn=(56)
calls=2 144 
* 73
* 4
2238 27
1974 2
-2 2
+2 4
-2 4
-43 2
+53 6
+36 4
-2 2
+2 2
cfi=(30)
cfn=(88)
calls=2 24 
* 46
* 4
2169 2
-1 3
cfn=(84)
calls=1 378 
* 251
+2 1
-3 1
+1 1
+2 2
+4 6
cfn=(124)
calls=1 1466 
* 232
* 1
+3 2
+12 4
+46 1
+1 3
-1 1
+1 9
cfn=(130)
calls=1 866 
* 1601
-1 1
+1 3
-1 1
+1 9
cfn=(130)
calls=1 866 
* 1910
* 6
2022 2
cfi=(13)
cfn=(28)
calls=1 79 
* 16
* 2
+2 2
+7 4
+36 12
cfn=(152)
calls=1 1779 
* 1373
+6 1
-6 1
+6 4
+88 2
+28 4
+2 4
2035 5
+8 4
-3 3
659 1
2041 1
659 3
2074 1
659 2
2055 4
+1 8
659 1
2057 1
659 2
2066 2
+1 2
+15 1
+14 2
+2 3
+4 2
cfi=(49)
cfn=(156)
calls=1 187 
* 1400
* 1
+2 2
+4 2
+8 3
+23 7
cfn=(124)
calls=1 1466 
* 243
+4 2
-4 1
+4 1
+1 2

fn=(84)
378 6
+10 2
-10 8
+10 2
cfn=(86)
calls=2 231 
* 145
+3 4
+12 2
-11 2
+11 8
-11 2
cfi=(31)
cfn=(90)
calls=2 40 
* 196

fl=(31)
fn=(90)
40 12
+1 3
cfi=(13)
cfn=(28)
calls=3 +38 
* 110
* 3
+1 6
cfi=(18)
cfn=(44)
calls=3 +7 
* 72
* 3
+2 6
+4 3
-1 9
+1 6
-1 3
cfi=(19)
cfn=(46)
calls=3 +88 
* 46

fl=(42)
fn=(136)
51 22
-3 44
+6 22
+5 66
+2 33
-7 8

fl=(156) ./elf/dl-fini.c
fn=(868) _dl_fini
30 8
+20 3
-3 6
+3 4
+3 2
cfi=(2)
cfn=(52) rtld_lock_default_lock_recursive
calls=1 841 
* 2
+2 1
+3 2
+2 6
+8 1
-3 1
+8 1
-5 5
+5 1
+2 8
+2 8
+2 8
+1 4
+1 4
+4 4
-12 12
+14 6
+1 4
+6 3
cfi=(55) ./elf/dl-sort-maps.c
cfn=(174) _dl_sort_maps
calls=1 -66 
* 236
+10 2
cfi=(2)
cfn=(54) rtld_lock_default_unlock_recursive
calls=1 847 
* 2
+5 6
+2 1
+2 3
-2 3
+2 9
+3 8
+3 12
+4 4
+11 2
+1 2
-1 2
+2 2
-2 2
+2 2
-2 2
+3 10
+1 2
cob=(4) /usr/lib/x86_64-linux-gnu/valgrind/vgpreload_core-amd64-linux.so
cfi=(85) ???
cfn=(882) 0x00000000000010c0
calls=1 0 
* 92
cob=(5)
cfi=(93)
cfn=(870)
calls=1 0 
* 12
-1 8
+5 6
+1 6
cob=(2)
cfi=(17)
cfn=(906)
calls=1 0 
* 3
cob=(2)
cfi=(17)
cfn=(880)
calls=1 0 
* 3
+6 24
+19 4
-59 14
+11 6
-26 7
+80 6
+6 2
+7 8

fl=(10) ./elf/../sysdeps/unix/sysv/linux/dl-sysdep.c
fn=(66) _dl_discover_osversion
46 4
+2 3
+40 2
cfi=(25) ./posix/../sysdeps/unix/syscall-template.S
cfn=(68) uname
calls=1 +32 
* 5
+15 1
-15 2
+20 1
-1 1
+3 12
+4 3
-2 6
+2 10
+3 1
-1 1
+1 3
-3 4
+7 3
-1 3
+4 3
-2 3
+2 10
+8 1
+1 5
-4 2

fl=(13)
fn=(28)
79 13
+1 13
+1 13
+1 13
+1 13
+1 13
+1 13
+2 13
+2 13
+31 13
+1 13
+1 13
+1 13
+1 13
+1 7
+2 7
+4 6
+1 6
+1 6
+1 6
+1 6
+1 6
+1 6
+1 6
+1 6
+1 6
+1 6
+1 6
+5 42
+74 3
+1 3
+1 3
+1 3
+1 3
+1 3
+1 3
+1 3
+16 3
+2 3
+1 42
+2 3
+1 3
+1 3
+2 3

fl=(2)
fn=(184) init_tls
735 3
+2 1
+4 1
-4 1
+4 2
+11 1
-1 3
cfi=(18)
cfn=(40) calloc
calls=1 92 
* 33
* 1
-4 1
+15 1
-12 1
+6 1
-9 1
+11 1
+4 1
+2 3
-1 3
+3 1
+4 1
-4 4
+4 3
-4 3
+4 1
+2 1
-2 1
+4 2
-9 1
-1 2
+1 3
-1 6
+10 2
+3 2
cfi=(33)
cfn=(186) _dl_tls_static_surplus_init
calls=1 69 
* 73
+3 1
cfi=(33)
cfn=(188) _dl_determine_tlsoffset
calls=1 191 
* 73
+7 1
cfi=(33)
cfn=(190) _dl_allocate_tls_storage
calls=1 389 
* 387
* 1
+1 2
+6 1
+3 2
-3 1
+3 6
+3 1
+3 5

fn=(178)
675 2
+2 4
cfi=(56) ./elf/dl-version.c
cfn=(180) _dl_check_all_versions
calls=1 362 
* 3106
* 2
+4 2

fn=(52)
841 5
+1 5

fn=(2)
499 9
67 3
fi=(5) ./elf/../sysdeps/x86_64/dl-machine.h
-8 1
fe=(2)
+8 1
fi=(3)
-19 1
fi=(5)
+11 2
fe=(2)
543 1
-3 1
fi=(3)
48 2
+15 1
+5 1
+3 1
+1 1
+1 1
-4 1
-2 1
-3 2
-1 20
+1 12
-16 4
+26 4
-26 9
+26 1
-26 2
+2 36
+17 13
-19 13
+26 13
-26 26
+33 2
+20 4
+1 4
+1 4
+1 4
+2 4
+5 4
+1 4
+1 4
+5 3
+5 2
+7 3
+1 3
+8 3
+3 3
+4 2
+1 2
fe=(2)
554 2
+7 1
67 1
466 1
67 3
466 1
cfi=(6)
cfn=(10)
calls=1 964 
* 23
+1 1
+18 2
-18 1
+1 2
+1 2
+1 2
+9 1
+6 1
cfi=(7) ./elf/../elf/dl-sysdep.c
cfn=(12) _dl_sysdep_start
calls=1 89 
* 114346
* 1
+2 2
+99 9
fi=(3)
65 5
+3 4
fe=(2)
559 7
fi=(4) ./elf/do-rel.h
46 1
fe=(2)
559 3
fi=(4)
86 3
fe=(2)
559 4
fi=(4)
47 1
fe=(2)
559 3
fi=(4)
47 3
+37 1
-1 1
+28 3
+1 2
fi=(5)
547 2
fi=(4)
112 86
fi=(5)
547 86
+1 44
fi=(4)
111 44
fi=(5)
548 88
fi=(4)
111 88
+5 2
fi=(5)
427 1
fi=(4)
124 2
fi=(5)
339 18
fi=(4)
124 27
+12 9
+3 9
-3 9
fi=(5)
301 9
fi=(4)
139 9
-3 9
+1 18
fi=(5)
301 18
+8 90
+3 18
+27 45
fi=(3)
71 4
+1 2
+1 2
fi=(5)
359 18
+1 9
fe=(2)

fn=(32) dl_main
1127 1
+15 1
-15 4
2706 1
1127 6
+15 1
+4 2
+1 2
+5 2
2554 1
1127 1
2554 1
+7 1
1127 1
2561 2
1127 1
215 1
2561 1
216 1
2561 1
217 1
2561 1
-4 1
-1 2
+7 2
cfi=(15) ./elf/dl-environ.c
cfn=(34) _dl_next_ld_env_entry
calls=1 29 
* 44
* 4
cfi=(15)
cfn=(34)
calls=2 29 
* 254
* 9
+4 6
-2 2
+2 6
+1 2
-1 6
+1 17
-1 89
+9 12
2725 3
+32 3
1162 4
2652 3
+1 3
-56 2
+7 2
1370 7
cfi=(16)
cfn=(36)
calls=1 59 
* 291
* 1
+2 2
+1 1
+1 1
+5 2
-5 1
+1 3
+4 1
cfi=(16)
cfn=(50)
calls=1 31 
* 32
+1 2
1136 1
1409 1
-3 1
-5 1
+8 1
-7 1
+2 1
+5 4
+56 1
1133 1
1465 2
-37 1
+22 1
+15 2
-55 99
+95 2
+1 2
+1 1
-98 21
1518 1
+3 1
+2 1
-5 2
+3 2
+2 2
+2 2
+13 3
+3 1
-2 1
+2 1
-2 2
+2 1
-2 2
cfi=(21)
cfn=(56)
calls=1 144 
* 24
* 2
+10 1
-3 1
-2 1
+3 1
+2 2
+1 2
+4 2
+2 2
fi=(3)
33 1
+9 2
+6 1
-2 1
+2 2
+15 1
+5 1
+3 1
-2 1
-2 1
-3 2
-1 16
+1 9
-16 3
+26 3
-26 7
+26 1
-26 2
+2 46
+17 19
-19 19
+26 19
-26 38
+33 3
+37 3
+5 2
+7 2
+1 3
+18 3
+14 3
+20 2
fe=(2)
1561 2
cfi=(6)
cfn=(10)
calls=1 964 
* 23
+3 2
fi=(22) ./elf/./setup-vdso.h
24 2
fi=(24) ./elf/../sysdeps/unix/sysv/linux/dl-vdso-setup.h
+21 1
fe=(2)
1589 2
cfi=(10)
cfn=(66)
calls=1 46 
* 89
* 8
1414 1
-5 1
+5 2
-5 2
+29 1
-9 1
+27 1
-27 1
+2 1
-3 1
+10 2
-19 1
-10 1
+10 2
-10 2
+56 4
-1 4
+1 8
-1 4
+2 8
+1 1
+3 2
+1 2
-1 6
+1 6
+1 4
+1 10
-64 1
+65 1
-65 2
+92 1
-92 1
+92 1
-92 2
fi=(3)
65 5
+3 4
+3 4
+1 2
+1 2
fi=(23) ./elf/../sysdeps/unix/sysv/linux/dl-vdso.h
-33 1
+1 2
fe=(2)
1594 2
cfi=(26)
cfn=(70)
calls=1 681 
* 1841
+3 3
cfi=(32)
cfn=(96)
calls=1 49 
* 17
+7 1
-7 1
+2 1
+5 1
+4 1
+3 1
-3 3
+1 2
+3 1
+5 1
-7 1
+7 1
+18 2
+1 2
+5 1
-3 2
+2 1
+1 2
+5 3
+1 5
-1 2
+9 2
+6 2
1137 1
1660 1
+25 1
cfi=(33)
cfn=(98) _dl_count_modids
calls=1 169 
* 5
* 1
+8 3
+3 2
+4 3
+5 2
+1 1
cfi=(32)
cfn=(100) _dl_debug_state
calls=1 74 
* 1
+5 3
+16 3
+2 1
+2 2
+8 2
+15 3
cfi=(46) ./io/../sysdeps/unix/sysv/linux/access.c
cfn=(146) access
calls=1 27 
* 8
* 2
+76 4
67 1
1850 1
67 2
1850 1
67 1
1850 6
cfi=(47)
cfn=(148) _dl_map_object_deps
calls=1 159 
* 7489
74 1
1855 1
74 2
+9 2
1855 2
+1 6
-1 4
+1 6
-1 12
+4 3
+1 3
+1 1
+2 2
+1 5
-1 9
+1 6
+12 1
+1 1
-1 2
+1 2
+2 1
+2 3
+2 1
-4 1
+5 1
-1 2
+14 2
+1 2
+1 3
+11 1
+1 1
-1 1
+2 4
-2 3
+2 1
cfi=(35)
cfn=(176)
calls=1 238 
* 3132
+10 1
+1 1
-1 1
+1 1
+3 2
856 1
fi=(161) ./elf/../sysdeps/unix/sysv/linux/dl-osinfo.h
64 2
fe=(2)
858 1
fi=(161)
77 1
fe=(2)
867 1
+7 1
-5 1
1931 3
2161 3
2604 4
+2 2
+1 1
1618 6
-11 4
fi=(24)
30 5
+3 1
+3 1
+3 1
fi=(23)
+16 2
fe=(2)
1649 2
+1 2
+1 1
2230 1
-13 1
+4 1
+6 1
-10 1
+10 1
-6 1
+9 2
+54 3
+3 1
67 2
2291 1
67 2
2292 20
+2 8
+5 8
+2 8
+6 4
+2 8
+1 24
cfi=(57) ./elf/dl-reloc.c
cfn=(192) _dl_relocate_object
calls=3 167 
* 68059
+4 10
+1 3
cfi=(33)
cfn=(302) _dl_add_to_slotinfo
calls=1 944 
* 27
* 1
-12 1
+1 1
-3 3
74 3
+1 1
2323 1
75 1
2323 1
+2 1
+3 4
+2 1
+7 3
cfi=(33)
cfn=(304) _dl_allocate_tls_init
calls=1 494 
* 131
+3 2
+9 3
+2 4
67 1
2364 1
+1 3
67 3
2365 2
cfi=(57)
cfn=(192)
calls=1 167 
* 6484
74 3
+9 2
2375 1
cfi=(7)
cfn=(306) _dl_sysdep_start_cleanup
calls=1 259 
* 1
+4 3
+21 3
cfi=(32)
cfn=(96)
calls=1 49 
* 8
+1 1
+1 1
cfi=(32)
cfn=(100)
calls=1 74 
* 1
+5 1
cfi=(49)
cfn=(308)
calls=1 349 
* 15
+5 8
1874 2
2653 2
+2 2
+1 1
1924 2
cfn=(184)
calls=1 735 
* 646
* 2
67 1
1735 1
67 2
1735 1
67 1
1735 2
cfn=(102) handle_preload_list
calls=1 897 
* 2916
* 1
74 3
+9 3
1834 5
+1 1
-1 2
+4 3
+1 1
+1 2
+1 2
-7 2

fn=(118)
642 1
+2 1
-2 1
+2 1
+1 2
-1 2
+1 3
cfi=(26)
cfn=(120)
calls=1 1927 
* 2448
* 1
+2 2

fn=(54)
847 5
+1 5

fn=(102)
897 7
+5 5
-4 1
+10 2
+7 1
201 1
917 2
201 2
919 2
+1 4
cfn=(106) do_preload
calls=1 807 
* 2567
* 1
-18 2
+3 3
cfi=(34) ./string/../sysdeps/x86_64/strcspn.S
cfn=(104) strcspn
calls=1 30 
* 271
* 1
+1 3
+2 4
cfi=(19)
cfn=(46)
calls=1 135 
* 26
+1 2
+14 9

fn=(106)
807 1
+12 1
-12 5
+10 1
-4 1
+6 2
-5 1
+5 2
-10 1
+6 1
+4 1
cfi=(35)
cfn=(110)
calls=1 225 
* 2538
* 1
+1 3
+8 3
+6 5

fl=(14) ./elf/../misc/sbrk.c
fn=(30) sbrk
32 4
+8 6
+4 2
+16 5

fl=(101) ./elf/../elf/dl-runtime.c
fn=(400) _dl_fixup
66 26
+6 26
-6 13
+3 26
+3 39
-4 13
+5 13
+2 13
-2 65
+2 13
-2 13
+2 13
+5 26
+4 26
+4 39
+4 26
+1 52
-7 52
+16 13
-1 13
+1 26
+10 130
cfi=(6)
cfn=(200) _dl_lookup_symbol_x
calls=13 841 
* 7662
* 13
+4 65
+10 117
+7 13
+8 52
+4 39
fi=(5)
+97 13
fe=(101)
-93 52
fi=(120) ./elf/../sysdeps/x86_64/dl-irel.h
32 3
cob=(3)
cfi=(69) ./string/../sysdeps/x86_64/multiarch/strcmp.c
cfn=(238) strcmp
calls=1 +9 
* 8
cob=(3)
cfi=(59) ./string/../sysdeps/x86_64/multiarch/ifunc-strcpy.h
cfn=(252) strcpy
calls=1 +4 
* 8
cob=(3)
cfi=(70) ./string/../sysdeps/x86_64/multiarch/ifunc-memset.h
cfn=(240) memset
calls=1 +10 
* 18
* 6
fe=(101)

fl=(47)
fn=(150)
61 4
+7 2
-4 4
+1 2
-1 16
cfi=(26)
cfn=(120)
calls=2 1927 
* 5956
* 2
+5 4

fn=(148)
159 2
+1 2
-1 2
+1 1
-1 1
+1 1
-1 1
+1 1
-1 4
+1 1
-8 1
+7 1
+1 1
-1 1
+1 1
-8 2
-6 1
+6 1
-7 1
+15 1
-16 1
+2 1
+6 1
+24 4
-28 3
-2 1
+31 1
-33 2
+2 2
+30 2
-30 1
-1 1
+1 1
+6 4
+24 2
-32 1
+60 1
-60 2
+36 1
+20 1
fi=(54) ./elf/../include/scratch_buffer.h
78 1
fe=(47)
180 1
fi=(54)
77 3
fe=(47)
198 1
+89 1
-89 1
+2 1
+9 1
+4 1
-4 1
+4 2
-4 3
+4 3
-4 3
+4 6
+11 14
-18 2
+18 2
433 8
+2 4
+3 2
-3 2
+3 4
cfi=(18)
cfn=(44)
calls=2 49 
* 48
* 2
* 2
+1 4
+6 2
+1 10
cfi=(19)
cfn=(46)
calls=2 135 
* 20
+1 12
cfi=(19)
cfn=(46)
calls=2 135 
* 20
+4 2
-1 2
+5 16
204 9
+22 2
+11 2
-5 2
-6 4
+5 2
+2 4
+1 4
+3 8
+66 2
-97 2
+97 2
-66 2
+66 6
-55 6
-2 2
+2 2
cfi=(35)
cfn=(114)
calls=2 -73 
* 6096
* 2
+1 4
+9 2
+2 4
+5 2
+6 2
+2 2
-8 4
+3 2
+1 2
+1 2
+1 2
+4 10
+4 4
+1 4
-43 192
+1 96
+6 8
cfi=(26)
cfn=(86)
calls=2 -13 
* 104
* 10
+38 138
fi=(54)
85 3
fe=(47)
464 6
+4 5
+11 4
cfi=(18)
cfn=(44)
calls=1 49 
* 24
* 1
* 1
+2 2
+5 2
+3 2
-3 4
+1 1
+2 1
+2 12
+4 12
+4 4
-10 12
+13 2
+51 3
+2 4
+35 6
cfi=(19)
cfn=(46)
calls=1 135 
* 10
+4 5
cfi=(55)
cfn=(174)
calls=1 28 
* 215
+3 1
+2 1
+1 1
-1 1
+2 2
+7 3
+3 2
+3 8
458 9
-1 4
+1 8
199 3
465 2
214 25
+3 2
fi=(54)
-86 6
cfi=(53)
cfn=(170)
calls=2 -97 
* 34
fe=(47)
+86 4
+4 4
554 2
380 6

fl=(7)
fn=(12)
89 8
+25 1
-1 1
+1 145
+6 1
-3 1
+1 1
-4 1
+3 1
+3 8
-29 1
-1 2
+30 20
+1 108
+61 1
+1 1
-1 1
+1 1
-63 75
+34 1
-34 2
+35 1
-35 2
+46 1
-46 1
+47 1
-1 1
-46 3
+40 1
-40 1
+41 1
-1 1
-40 3
+37 1
-37 2
+38 1
-38 3
+13 1
-13 2
+14 1
-14 2
+10 1
-10 2
+11 1
-11 2
+7 1
-7 4
+4 1
-4 4
223 1
cfi=(8)
cfn=(14)
calls=1 +60 
* 20788
fi=(10)
36 2
cfi=(11) ./elf/../sysdeps/unix/sysv/linux/x86_64/brk.c
cfn=(20) brk
calls=1 -5 
* 9
fi=(12) ./elf/../sysdeps/x86/cpu-features.c
322 1
-13 1
+13 1
-12 1
+1 1
+11 1
+3 6
476 3
+1 1
+3 2
+1 1
+6 1
+6 1
-5 1
+5 1
-3 1
+3 1
-4 1
+4 1
cfi=(8)
cfn=(26)
calls=1 367 
* 17
+2 4
cfi=(8)
cfn=(26)
calls=1 367 
* 19
* 1
+2 3
-2 1
+2 1
cfi=(8)
cfn=(26)
calls=1 367 
* 19
* 1
+2 3
-2 1
+2 1
cfi=(8)
cfn=(26)
calls=1 367 
* 19
* 1
+12 1
-1 1
-11 1
+12 1
fe=(7)
235 1
cfi=(13)
cfn=(28)
calls=1 79 
* 16
* 1
+2 2
cfi=(14)
cfn=(30)
calls=1 32 
* 17
* 3
+12 3
+3 5
cfi=(2)
cfn=(32)
calls=1 1127 
* 92753
+1 1
+1 8
fi=(12)
515 3
+28 1
fe=(7)
234 1
fi=(12)
534 3
+2 4
+1 2
+2 4
+1 2
331 6
cfn=(24) get_common_indices.constprop.0
calls=1 71 
* 97
49 4
+1 2
+1 6
+5 2
+1 6
+5 2
+1 6
336 1
+2 1
+7 1
+59 1
+10 1
-78 2
+89 4
-96 1
+96 2
-99 1
+12 10
+38 2
+14 1
+10 5
+14 2
+1 1
fe=(7)

fn=(306)
259 1

fl=(15)
fn=(34)
29 3
+3 53
+13 43
-13 86
+2 90
+1 14
+5 2
-3 2
+3 2
+2 2
+7 1

fl=(19)
fn=(46)
135 14
+6 14
+1 14
+1 8
+1 8
+5 5
+1 5
+1 5
+1 5
+5 5
301 6
+1 6
+1 1
+1 1
+1 1
+1 1
+1 1
+1 1
+1 1
+2 1
+22 5
+1 5
+1 5
+1 5
+1 5
+24 3
+1 3
+1 3
+1 3
+2 3
+1 3
+1 3
+1 3
+1 3
+1 3
+1 3
+1 3
+1 3
+1 3
+1 3
+1 3
+1 3
+1 3
+1 3
+1 3
+2 3

fn=(76)
122 26
+1 26
+1 26
+17 26
+1 26
+1 4
+1 4
+5 3
+1 3
+1 3
+1 3
+5 3
301 22
+1 22
+1 8
+1 8
+1 3
+1 3
+1 1
+4 1
+22 14
+1 14
+1 14
+1 14
+1 14
+3 5
+1 5
+1 5
+1 5
+1 5
+3 2
+1 2
+1 2
+1 2
+1 2
+10 1
+1 1
+1 1
+1 1
+2 1
+1 1
+1 1
+1 1
+1 1
+1 1
+1 1
+1 1
+1 1
+1 1
+1 1
+1 1
+1 1
+1 1
+1 1
+1 1
+2 1

fl=(29)
fn=(78)
109 65
+6 13
+1 13
+1 6
+1 6
+2 4
+1 4
+2 4
+65 2
+1 2
+10 2
+1 2
+1 2
+1 2
+1 2
+1 2
+1 2
+1 2
+1 2
+1 2
+1 2
+1 2
+1 2
+1 2
+2 40
+1 40
+1 40
+1 40
+1 40
+1 40
+1 40
+1 2
+15 7
+1 7
+1 7
+1 6
+1 6
+1 2
+1 2
+24 1
+1 1
+2 1
+3 4
+1 4
+2 4
+3 2
+1 2
+2 2

fl=(34)
fn=(104)
30 1
+7 1
+1 1
+2 1
+1 1
+1 1
+1 1
+1 33
+3 2
+7 1
+1 1
+1 1
+1 1
+2 1
+1 1
+1 1
+1 1
+2 1
+1 1
+1 1
+9 3
+12 1
+2 1
+1 1
+1 1
-4 16
+2 16
+1 16
+1 16
+2 16
+1 16
+1 16
+2 16
+1 16
+1 16
+2 16
+1 16
+1 16
+6 1
+7 1
+4 1

fl=(84)
fn=(316) call_init.part.0
28 32
+8 4
-8 4
+11 4
-3 8
+3 12
+5 9
+5 4
+9 12
cob=(3)
cfi=(86) ./csu/init-first.c
cfn=(328) _init
calls=1 -6 
* 89
cob=(2)
cfi=(17)
cfn=(318)
calls=1 -58 
* 6
+3 2
+1 4
+6 2
+2 4
-2 4
+3 10
+1 8
cob=(3)
cfi=(90) ./libio/vtables.c
cfn=(338) check_stdfiles_vtables
calls=1 +12 
* 11
cob=(4)
cfi=(85)
cfn=(322) 0x0000000000001100
calls=1 -72 
* 11
* 4
cob=(3)
cfi=(91) ./string/../sysdeps/x86/cacheinfo.c
cfn=(340) init_cacheinfo
calls=1 488 
* 1714
-1 9
+3 24
-29 3
-5 3

fn=(314)
79 11
+1 1
+1 1
+3 3
+8 2
+25 1
+1 5
+1 2
-89 2
+89 6
-89 18
cfn=(316)
calls=3 -2 
* 1927
+88 12
+7 8
-95 3
cfn=(316)
calls=1 -2 
* 70
+57 2

fl=(11)
fn=(20)
31 5
+2 2
+6 1
+1 1

fl=(39)
fn=(128)
26 8
+1 2

fl=(21)
fn=(56)
144 158
+1 158
+2 158
+1 158
+21 158
+1 158
+1 71
+1 71
+1 37
+1 37
+1 37
+1 37
+21 37
+1 37
+1 37
+1 37
+1 37
+1 37
+1 37
+5 6
+1 6
+9 6
+1 6
+1 6
+1 6
+1 6
+1 6
+1 6
+1 6
-7 121
+1 121
+1 121
+1 121
+1 121
+1 121
+1 121
+1 121
+1 63
+1 33
+1 33
+1 33
+2 33
+1 33
+1 33
+1 33
+1 33
+1 33
-5 30
+1 30
+1 30
+1 30
+1 30
+1 30
+10 64
+1 64
+1 64
+2 64
+6 64
+1 64
+1 64
+1 64
+1 64
+5 64
+2 1
+1 1
+1 2
+8 1
+1 1
+3 1
+1 1
+1 1
+1 1
+1 1
+1 1
696 1
+1 1
+1 1
+1 1
+1 1
+2 1
+1 1
+1 1
+1 1
+1 1
+1 1
+1 1
+1 1
+4 1
+1 1
+1 1
+6 1
+1 1
+1 2
+4 1
+1 1
+3 1
+1 1
+1 1
+3 1
+1 1
+1 1
+6 1
+1 1
+1 1
+1 1
+1 1
+1 1
+72 2
+1 2
+1 2
+1 2
+1 2
+2 2
+1 2
+1 2
+1 2
+1 2
+1 2
+1 2
+1 2
+4 2
+1 2
+1 2
+6 2
+1 2
+1 4
+4 2
+1 2
+3 2
+1 2
+1 2
+3 2
+1 2
+1 2
+6 2
+1 2
+1 2
+1 2
+1 2
+1 2
+72 2
+1 2
+1 2
+1 2
+1 2
+2 2
+1 2
+1 2
+1 2
+1 2
+1 2
+1 2
+1 2
+4 2
+1 2
+1 2
+6 2
+1 2
+1 4
+4 2
+1 2
+3 2
+1 2
+1 2
+3 2
+1 2
+1 2
+6 2
+1 2
+1 2
+1 2
+1 2
+1 2
+72 3
+1 3
+1 3
+1 3
+1 3
+2 3
+1 3
+1 3
+1 3
+1 3
+1 3
+1 3
+1 3
+4 3
+1 3
+1 3
+6 3
+1 3
+1 6
+4 3
+1 3
+3 3
+1 3
+1 3
+3 3
+1 3
+1 3
+6 3
+1 3
+1 3
+1 3
+1 3
+1 3
+7 1
+1 1
+2 1
+1 1
+2 1
+1 1
+1 1
+3 1
+1 1
+1 1
+6 1
+1 1
+1 1
+1 1
+1 1
+1 1
+41 2
+1 2
+1 2
+1 2
+1 2
+2 2
+1 2
+1 2
+1 2
+1 2
+1 2
+1 2
+1 2
+4 2
+1 2
+1 2
+6 2
+1 2
+1 4
+4 2
+1 2
+3 2
+1 2
+1 2
+3 2
+1 2
+1 2
+6 2
+1 2
+1 2
+1 2
+1 2
+1 2
+72 4
+1 4
+1 4
+1 4
+1 4
+2 4
+1 4
+1 4
+1 4
+1 4
+1 4
+1 4
+1 3
+4 3
+1 3
+1 3
+6 3
+1 3
+1 6
+4 3
+1 3
+3 3
+1 3
+1 3
+3 3
+1 3
+1 3
+6 3
+1 3
+1 3
+1 3
+1 3
+1 3
+72 11
+1 11
+1 11
+1 11
+1 11
+2 11
+1 11
+1 11
+1 11
+1 11
+1 11
+1 11
+1 1
+4 1
+1 1
+1 1
+6 1
+1 1
+1 2
+4 1
+1 1
+3 1
+1 1
+1 1
+3 1
+1 1
+1 1
+6 1
+1 1
+1 1
+1 1
+1 1
+1 1
+72 13
+1 13
+1 13
+1 13
+1 13
+2 13
+1 13
+1 13
+1 13
+1 13
+1 13
+1 13
+1 11
+4 11
+1 11
+1 11
+6 11
+1 11
+1 22
+4 11
+1 11
+3 11
+1 11
+1 11
+3 11
+1 11
+1 11
+6 11
+1 11
+1 11
+1 11
+1 11
+1 11
+72 1
+1 1
+1 1
+1 1
+1 1
+2 1
+1 1
+1 1
+1 1
+1 1
+1 1
+1 1
1821 9
+1 9
+1 9
+1 9
+1 9
+2 9
+1 9
+1 9
+1 9
+1 9
+1 9
+1 9
+1 7
+4 7
+1 7
+1 7
+6 7
+1 7
+1 14
+4 7
+1 7
+3 7
+1 7
+1 7
+3 7
+1 7
+1 7
+6 7
+1 7
+1 7
+1 7
+1 7
+1 7
+72 14
+1 14
+1 14
+1 14
+1 14
+2 14
+1 14
+1 14
+1 14
+1 14
+1 14
+1 14
+1 12
+4 12
+1 12
+1 12
+6 12
+1 12
+1 24
+4 12
+1 12
+3 12
+1 12
+1 12
+3 12
+1 12
+1 12
+6 12
+1 12
+1 12
+1 12
+1 12
+1 12
+72 1
+1 1
+1 1
+1 1
+1 1
+2 1
+1 1
+1 1
+1 1
+1 1
+1 1
+1 1
+2 1
+4 1
+1 1
+1 1
+6 1
+1 1
+2 2
+4 1
+1 1
+3 1
+1 1
+1 1
+3 1
+1 1
+1 1
+6 1
+1 1
+1 1
+1 1
+1 1
+1 1
+74 46
+2 46
+1 46
+1 46
+1 46
-3 81
+1 81
+1 81
+1 81
+1 66
+5 33
+6 33
+1 33
+8 33
+1 33
-16 125
+6 125
+1 125
+8 125
+1 125

fl=(55)
fn=(174)
28 24
+2 4
+4 4
+1 2
-2 2
+1 16
+1 4
cfi=(29)
cfn=(78)
calls=2 +74 
* 30
* 18
+4 4
+3 2
-3 4
+1 6
+2 2
-3 8
+3 4
-3 8
+1 12
+2 4
+12 24
+2 12
+1 8
-1 6
+1 4
+33 12
-36 24
+61 18
-31 8
-25 18
+1 12
+58 28
cfi=(29)
cfn=(78)
calls=4 -9 
* 64
* 16
-28 9
-44 12
+69 2
+7 16

fl=(38)
fn=(126)
37 11
-3 33
+3 66
+8 77
+2 3
-2 24
+2 8

fl=(18)
fn=(40)
92 8
+4 8
+4 8
-1 16
+1 16
+3 8
cfn=(44)
calls=8 -54 
* 237
* 8

fn=(44)
49 88
+1 22
+11 22
-11 44
+11 44
+3 22
-3 22
+3 128
+18 22
+1 22
+2 88
-16 4
+1 2
+2 1
+1 7
cfi=(42)
cfn=(136)
calls=1 -22 
* 19
* 1
+2 2
+2 2
+2 1
+4 1
-4 2
-23 1
-1 1
+1 1
+1 2
-2 2

fn=(82)
265 6
+2 4
+1 4
+4 48
+7 112
-2 56
+13 1
+4 4
-22 14
+15 14
-15 30

fn=(94)
111 12

fl=(46)
fn=(146)
27 7
+4 1

fl=(57)
fn=(192)
167 40
+15 4
-15 8
+15 4
+1 20
+6 8
+6 20
-18 8
+22 8
+7 16
+40 4
fi=(5)
76 4
fe=(57)
246 8
fi=(5)
76 12
+6 6
+4 9
+14 3
-8 3
+8 6
+20 6
+11 12
fe=(57)
274 125
-96 18
fi=(4)
48 3
-1 3
-1 3
+1 3
+1 3
+10 6
fe=(57)
274 1
-96 6
fi=(4)
48 1
-1 1
-1 1
+1 1
+1 1
+10 2
-10 4
-1 4
-1 4
+1 4
+1 4
+10 8
-7 3
-1 3
+11 15
fi=(5)
558 48
+4 48
+3 72
+1 24
fi=(4)
61 72
+2 256
+2 120
-4 120
+13 6
+1 5
+1 80
fi=(5)
558 40
+26 40
-1 80
-25 40
+26 80
+1 40
cob=(3)
cfi=(61) ./string/../sysdeps/x86_64/multiarch/ifunc-strcasecmp.h
cfn=(296) strncasecmp_l
calls=1 32 
* 5
cob=(3)
cfi=(64) ./string/../sysdeps/x86_64/multiarch/ifunc-avx2.h
cfn=(294) strchrnul
calls=1 32 
* 9
cob=(3)
cfi=(81) ./wcsmbs/../sysdeps/x86_64/multiarch/ifunc-memcmp.h
cfn=(290) wmemcmp
calls=1 34 
* 12
cob=(3)
cfi=(59)
cfn=(286) stpcpy
calls=1 36 
* 8
cob=(3)
cfi=(59)
cfn=(282) stpncpy
calls=1 36 
* 8
cob=(3)
cfi=(71) ./string/../sysdeps/x86_64/multiarch/ifunc-sse4_2.h
cfn=(280) strspn
calls=1 30 
* 6
cob=(3)
cfi=(65) ./wcsmbs/../sysdeps/x86_64/multiarch/ifunc-avx2.h
cfn=(278) wcslen
calls=1 32 
* 9
cob=(3)
cfi=(64)
cfn=(276) memchr
calls=1 32 
* 9
cob=(3)
cfi=(61)
cfn=(272) strcasecmp_l
calls=1 32 
* 5
cob=(3)
cfi=(64)
cfn=(270) memrchr
calls=1 32 
* 9
cob=(3)
cfi=(64)
cfn=(268) strlen
calls=1 32 
* 9
cob=(3)
cfi=(77) ./string/../sysdeps/x86_64/multiarch/strchr.c
cfn=(266) index
calls=1 40 
* 8
cob=(3)
cfi=(71)
cfn=(264) strpbrk
calls=1 30 
* 6
cob=(3)
cfi=(76) ./wcsmbs/../sysdeps/x86_64/multiarch/wcscpy.c
cfn=(262) wcscpy
calls=1 37 
* 6
cob=(3)
cfi=(75) ./wcsmbs/../sysdeps/x86_64/multiarch/ifunc-wmemset.h
cfn=(260) wmemset
calls=2 32 
* 32
cob=(3)
cfi=(74) ./wcsmbs/../sysdeps/x86_64/multiarch/wcsnlen.c
cfn=(258) wcsnlen
calls=1 40 
* 8
cob=(3)
cfi=(58) ./string/../sysdeps/x86_64/multiarch/ifunc-memmove.h
cfn=(256) memcpy@@GLIBC_2.14
calls=1 45 
* 16
cob=(3)
cfi=(59)
cfn=(252)
calls=1 36 
* 8
cob=(3)
cfi=(61)
cfn=(248) strncasecmp
calls=1 32 
* 5
cob=(3)
cfi=(71)
cfn=(246) strcspn
calls=1 30 
* 6
cob=(3)
cfi=(64)
cfn=(244) strnlen
calls=2 32 
* 18
cob=(3)
cfi=(65)
cfn=(242) wcschr
calls=2 32 
* 18
cob=(3)
cfi=(70)
cfn=(240)
calls=1 42 
* 18
cob=(3)
cfi=(69)
cfn=(238)
calls=1 41 
* 8
cob=(3)
cfi=(68) ./string/../sysdeps/x86_64/multiarch/strncmp.c
cfn=(236) strncmp
calls=1 41 
* 8
cob=(3)
cfi=(66) ./string/../sysdeps/x86_64/multiarch/ifunc-memcmp.h
cfn=(232) bcmp
calls=1 34 
* 12
cob=(3)
cfi=(58)
cfn=(230) mempcpy
calls=1 45 
* 16
cob=(3)
cfi=(65)
cfn=(228) wcscmp
calls=1 32 
* 9
cob=(3)
cfi=(65)
cfn=(226) wmemchr
calls=2 32 
* 18
cob=(3)
cfi=(64)
cfn=(224) rawmemchr
calls=1 32 
* 9
cob=(3)
cfi=(64)
cfn=(222) rindex
calls=1 32 
* 9
cob=(3)
cfi=(59)
cfn=(218) strcat
calls=1 36 
* 8
cob=(3)
cfi=(61)
cfn=(214) strcasecmp
calls=1 32 
* 5
cob=(3)
cfi=(59)
cfn=(210) strncpy
calls=1 36 
* 8
cob=(3)
cfi=(58)
cfn=(208) memmove
calls=2 45 
* 32
fi=(4)
75 40
fi=(5)
586 40
fi=(4)
75 82
fe=(57)
274 32
+3 12
+24 4
+3 8
+17 8
196 8
fi=(4)
84 5
-1 5
+3 5
+12 5
-15 5
+3 5
+12 10
+10 8
+10 9
+3 8
+3 8
-74 3
fi=(5)
497 3
fi=(4)
51 3
fi=(5)
497 6
fi=(4)
127 404
+9 202
+1 101
-1 202
+1 101
+2 101
-2 101
+2 202
-1 202
fi=(5)
276 202
+21 202
+4 202
+7 404
fi=(20) ./elf/../sysdeps/generic/ldsodefs.h
126 252
fi=(5)
308 1636
fi=(4)
138 81
fi=(5)
308 81
fi=(4)
138 81
fi=(5)
308 81
fi=(4)
138 81
fi=(5)
308 1134
cfi=(6)
cfn=(200)
calls=81 841 
* 44075
* 486
+1 252
+30 606
463 252
+1 84
fi=(4)
124 303
+19 12
fi=(5)
435 51
+4 68
+5 17
+9 17
-9 34
+9 34
fi=(4)
111 8
+1 2
fi=(5)
542 2
fi=(4)
112 2
fi=(5)
542 4
fi=(4)
112 1214
fi=(5)
542 1214
fi=(4)
112 1214
fi=(5)
542 2428
+5 2432
+1 1216
fi=(4)
111 1216
fi=(5)
548 2432
fi=(4)
111 2432
+7 6
-67 1
160 4
+2 20
+9 15
-1 30
fi=(5)
276 10
+21 10
+4 10
+7 20
fi=(20)
126 15
fi=(5)
308 165
cfi=(6)
cfn=(200)
calls=5 841 
* 2451
* 35
+1 15
+30 64
-30 148
+3 97
-3 97
+3 194
-4 21
+1 80
+3 80
-3 160
fe=(57)
-35 24
fi=(5)
+34 99
fe=(57)
+14 8
cfn=(300) _dl_protect_relro
calls=4 +7 
* 96
+1 32
fi=(5)
124 12
-2 6
fe=(57)
274 2
fi=(5)
463 15
+1 5
fi=(4)
160 15
+14 3
fi=(5)
309 1
+3 1
-3 1
+3 2
-3 1
+3 1
-3 2
fe=(57)

fn=(300)
329 4
-1 8
+1 16
+3 4
-3 4
+3 4
+4 8
+7 8
-6 12
cfi=(52)
cfn=(166)
calls=4 117 
* 20
* 8

fl=(6)
fn=(200)
841 891
582 99
841 396
582 297
-1 198
+2 99
-1 99
+1 297
-1 297
+1 1245
-1 1245
+1 3735
-1 3735
+2 99
847 99
-4 99
+8 99
-8 99
+1 198
+7 279
+5 99
+5 99
-7 99
+2 99
-2 99
+6 198
-7 594
+7 16
+29 8
-29 24
+1 1287
cfn=(202) do_lookup_x
calls=99 368 
* 34590
* 297
+28 91
-23 198
+24 546
+40 91
-40 91
+40 364
+14 273
+3 273
+5 182
+2 891
-86 48
+17 8
+1 16
+59 2

fn=(204) check_match
75 364
+3 91
-3 728
+3 182
+13 364
-13 364
+13 182
+3 290
cfi=(21)
cfn=(56)
calls=27 +50 
* 1508
* 54
+4 91
+1 182
+2 180
+19 180
+1 720
+39 91
+7 546
-18 2
+2 2
+1 1
-1 2
+1 3
-1 2
-29 270
cfi=(21)
cfn=(56)
calls=90 +22 
* 3807
* 180

fn=(10)
964 12
+2 4
+2 8
+2 4
-1 4
+3 12
+1 4
+4 4
-3 4
+7 4
-7 4
+3 4
-1 4
+3 4
+2 4
-7 4
+7 4
+5 4

fn=(202)
368 693
+1 99
-1 792
+48 99
-41 99
+76 99
-35 198
-16 936
+8 312
-4 312
+1 312
+3 624
+1 936
+3 312
+1 624
+7 312
-3 624
-2 312
+5 1248
+3 2184
571 663
379 624
+3 624
+4 1248
+4 624
+4 624
+88 182
fi=(20)
126 273
fe=(6)
533 182
+3 684
+16 182
+1 91
+1 182
427 368
-1 184
+2 184
+2 92
+6 368
-6 92
+6 736
+7 282
-10 925
+3 91
-1 91
+1 182
-1 91
+1 91
-1 91
+2 91
-1 91
+1 91
-1 910
cfn=(204)
calls=91 75 
* 10386
+4 273
574 8
+1 792
-35 33
-66 2
176 7
+5 728

fl=(56)
fn=(182) _dl_check_map_versions
156 28
+15 4
-15 8
+15 8
+2 12
+2 4
+1 4
-1 4
+1 4
+2 8
+3 4
-16 2
-8 2
+28 2
-4 2
+4 6
+16 2
37 2
201 2
37 2
201 2
37 10
+1 5
-1 10
+2 21
cfi=(37)
cfn=(122)
calls=7 282 
* 739
* 14
209 6
+5 2
-71 4
+71 4
-71 6
+79 2
-2 2
-2 4
+4 2
-4 12
+4 3
-2 3
-2 6
+4 3
-4 33
57 6
+8 9
-8 4
+8 6
+6 15
+16 5
+1 10
+2 5
+5 50
+14 82
+12 108
+4 36
-30 72
225 20
+3 15
+5 3
-11 3
111 5
+3 20
cfi=(21)
cfn=(56)
calls=5 +30 
* 253
* 27
237 8
+14 4
+3 6
+3 12
+3 8
+4 2
-7 8
+3 6
+4 33
-7 132
+3 101
+8 6
+89 36
165 2
+86 2
-94 2
+94 3
+23 12
cfi=(18)
cfn=(40)
calls=3 92 
* 99
* 3
-1 3
+1 3
+1 6
+13 3
-3 3
+3 6
+2 9
+3 6
+4 6
+18 3
-15 3
+2 3
-2 3
+2 3
-2 3
+2 6
-2 2
+2 2
-2 2
+2 2
-2 2
+2 4
+2 5
+1 5
-1 15
+1 5
+1 5
-2 5
+2 10
+1 15
+3 15
+8 6
+10 9
+3 8
+20 35
-14 74
-2 35
+6 35
+1 35
+1 35
-1 105
+1 35
-1 35
+1 35
+1 35
+3 113

fn=(180)
362 5
+4 5
-2 2
+4 24
cfn=(182)
calls=4 156 
* 3035
-2 4
+2 12
-1 4
-1 8
+5 7

fl=(45)
fn=(144)
26 12
+1 3

fl=(32)
fn=(100)
74 2

fn=(96)
49 8
+5 6
+5 2
-1 1
+1 2
+1 2
-1 1
+5 1
-14 4
+4 8
+3 1
+1 5

fl=(100)
fn=(398)
72 11
+3 11
+2 11
+10 11
+6 11
+1 11
+1 11
+1 11
+1 11
+1 11
+1 11
+4 11
+1 11
+3 11
+1 11
+2 11
+1 11
+1 11
+1 11
+1 11
+1 11
+2 11
+7 11
+1 11
+1 11
cfi=(101)
cfn=(400)
calls=11 -60 
* 7124
+1 11
+5 11
+1 11
+1 11
+2 11
+1 11
+1 11
+1 11
+1 11
+1 11
+1 11
+2 11
+2 11
+4 11
+3 11

fn=(399) _dl_runtime_resolve_xsave'2
72 2
+3 2
+2 2
+10 2
+6 2
+1 2
+1 2
+1 2
+1 2
+1 2
+1 2
+4 2
+1 2
+3 2
+1 2
+2 2
+1 2
+1 2
+1 2
+1 2
+1 2
+2 2
+7 2
+1 2
+1 2
cfi=(101)
cfn=(400)
calls=2 -60 
* 1621
+1 2
+5 2
+1 2
+1 2
+2 2
+1 2
+1 2
+1 2
+1 2
+1 2
+1 2
+2 2
+2 2
+4 2
+3 2

fl=(48)
fn=(154)
33 24
+1 16
+1 32
+4 1
-4 28

fl=(27)
fn=(72)
42 5
+1 1
-1 5
+1 1
-1 1
+1 1
-1 1
+1 2
-1 1
+1 1
cfi=(8)
cfn=(26)
calls=1 367 
* 19
* 1
+2 1
+1 2
-1 1
+1 1
+9 1
-12 1
+12 5
+1 1
+1 1
-1 2
+1 1
-1 1
+73 1
-72 1
+72 1
-74 12
+10 3
185 1
+5 1
-5 1
+5 5
-2 2
-2 1
+2 1
-2 1
+2 2
-2 1
+2 1
-2 1
fi=(28) ./elf/../sysdeps/x86/dl-hwcap.h
57 6
fe=(27)
188 1
+1 1
cfi=(13)
cfn=(28)
calls=1 79 
* 16
+1 1
+5 1
-5 2
-1 1
-4 1
+5 1
+5 1
+2 1
-7 1
-5 2
-37 2
+1 1
-1 6
+37 2
+8 3
+3 1
-1 1
+1 1
+4 1
+2 1
-2 3
+1 1
-1 1
+4 2
+4 2
-1 2
+4 7
+1 2
+18 11
+1 2
-1 1
+1 3
cfi=(18)
cfn=(44)
calls=1 49 
* 24
* 1
+1 4
-1 1
+1 3
+31 4
+10 3
+21 1
-21 1
+21 2
-21 1
+21 1
-28 2
+13 1
+3 1
-9 1
+10 1
-1 2
-3 1
-32 1
+36 5
-4 2
-3 1
+3 1
cfi=(19)
cfn=(76)
calls=1 122 
* 16
* 2
-3 1
+3 1
cfi=(19)
cfn=(76)
calls=1 122 
* 16
* 2
+3 2
-3 6
+3 5
+1 12
+1 2
-2 1
+2 1
cfi=(19)
cfn=(76)
calls=1 122 
* 14
* 2
-2 2
+5 6
cfi=(19)
cfn=(76)
calls=2 122 
* 28
* 4
+2 5
-7 4
+13 1
-1 1
+1 2
-1 2
+1 7
-1 7
+1 14
-1 16
+5 7
+3 2
-3 8
+3 10
+1 3
-1 3
+1 15
-1 9
+1 18
+1 24
-1 12
-1 12
+2 24
-1 24
-1 24
+4 9
+3 1
+1 1
+1 2
-2 1
+1 1
-1 1
+2 3
-1 1
+1 2
+3 2
+3 2
-6 2
+2 6
+3 1
+1 2
-6 2
+6 3
+7 8
+1 1
-1 2
+3 2
-3 3
+1 3
-1 6
+3 6
+3 4
+3 9
185 5
+29 1
+1 3
+1 1
-1 1
+1 1
-1 2
+2 2
+4 1
+3 3

fl=(25)
fn=(68)
120 4
+2 1

fl=(16)
fn=(50)
31 3
+2 3
-2 6
+2 3
-2 6
+2 3
cfi=(2)
cfn=(52)
calls=3 841 
* 6
+2 20
+3 20
+2 2
+2 2
+4 2
+4 2
+1 2
-5 4
+1 4
+1 2
+3 2
-3 2
+3 2
-1 2
cfi=(2)
cfn=(54)
calls=2 847 
* 4
-4 1
+4 1
+1 1
-5 2
+1 2
+1 1
+3 1
-3 1
+3 1
-1 1
cfi=(2)
cfn=(54)
calls=1 847 
* 2
-5 2

fn=(36)
59 30
+3 3
-3 6
+3 6
+15 2
+3 6
cfi=(13)
cfn=(28)
calls=2 -1 
* 76
+4 2
-4 4
+4 2
+5 10
cfi=(18)
cfn=(40)
calls=2 +3 
* 104
* 2
* 4
cfi=(18)
cfn=(40)
calls=1 +3 
* 40
* 1
* 3
+3 6
+4 3
+5 3
-6 3
+6 3
-5 3
+5 3
-5 3
+5 3
-1 3
+1 3
-1 3
+1 3
cfi=(19)
cfn=(46)
calls=3 +34 
* 49
* 3
+15 6
-15 3
+15 3
-13 3
+13 10
+6 1
+2 7
+3 2
-3 14
+3 4
+2 3
+4 3
+3 14
fi=(20)
1222 3
fe=(16)
136 2
+2 1
-2 2
fi=(20)
1222 45
fe=(16)
136 30
+2 15
-2 30
+50 2
-34 2
-5 1
+5 1
-6 1
+6 1
-6 1
+6 6
-5 2
+5 2
-6 2
+6 2
-6 2
+6 4
+2 4
+3 4
-3 4
+7 8
+4 4
+8 2
+3 1
+10 2
-10 1
+10 1
-10 2
+10 4
-10 2
+10 2
+2 2
+21 2
-21 2
cfi=(13)
cfn=(28)
calls=2 79 
* 94
+4 2
-4 6
+17 2
-13 6
+50 6
cfi=(19)
cfn=(76)
calls=2 122 
* 40
* 2
+5 4
+1 4
-1 80
+1 80
+2 4
+3 2
+3 2
+4 27
128 6
+37 6
-15 1
+7 4
+8 4
+31 4
cfi=(18)
cfn=(44)
calls=2 49 
* 48
* 2
* 2
+1 8
64 2
+1 6
+9 1
-5 2

fl=(33)
fn=(168)
107 1
+13 1
-13 1
+36 1
+12 1
+4 1

fn=(98)
169 2
+1 1
+15 2

fn=(304)
494 8
+1 2
+4 1
+6 1
-6 1
+6 2
-4 1
+16 1
-15 2
+20 8
+9 3
+1 2
+6 3
+3 1
-2 1
+6 1
-6 1
+2 1
+4 1
-4 3
+1 1
+2 2
+4 2
+1 4
+2 2
+1 2
+12 1
-3 1
+3 2
cfi=(19)
cfn=(76)
calls=1 122 
* 12
* 5
cfi=(29)
cfn=(78)
calls=1 109 
* 33
-36 1
-6 4
+6 4
+50 2
+3 9

fn=(188)
191 7
+6 3
+3 2
+36 3
+2 1
-2 1
-2 1
-40 1
-1 1
-1 1
+46 2
+23 3
+3 1
-3 4
+2 2
+10 1
-12 1
-25 6
+2 2
+3 1
-1 1
+5 2
-5 1
+1 1
-1 1
+3 2
+2 3
+32 2
-1 1
+53 1
-52 4
+2 2
+51 8

fn=(186)
69 1
+4 1
-4 1
+4 1
-4 3
+4 3
cfi=(8)
cfn=(26)
calls=1 367 
* 19
* 1
+1 4
cfi=(8)
cfn=(26)
calls=1 367 
* 19
* 3
+6 1
+2 4
+5 1
-2 1
+4 3
+1 2
+1 5

fn=(302)
944 7
+6 1
+3 1
+1 1
+4 3
+41 2
+3 4
-1 1
+1 1
+2 6

fn=(190)
389 1
+13 1
-13 2
+2 1
+12 2
cfi=(18)
cfn=(44)
calls=1 49 
* 24
* 1
+1 3
+8 2
-69 1
+69 2
+1 1
+4 297
+19 1
-94 2
+1 2
cfi=(18)
cfn=(40)
calls=1 92 
* 33
* 1
+1 2
+3 1
+6 2
+89 5

fl=(12)
fn=(24)
71 2
+4 4
+3 3
+4 2
-4 1
+4 1
-4 1
+3 1
+1 1
+1 4
+1 4
+1 3
+1 2
+7 2
+1 3
+6 1
-6 4
+6 1
+1 7
+7 3
+4 2
+2 4
225 2
+4 3
+1 2
+3 1
-1 1
+4 1
+2 1
-2 1
+5 2
+50 3
118 2
+3 4
+3 2
+8 1
-5 2
+8 2
+2 1
+2 3
+4 2
+4 2
+7 3

fl=(41)
fn=(134)
33 9
+1 6
+1 12
+4 3

fl=(30)
fn=(88)
24 6
+1 6
+1 6
+1 6
+1 6
+1 6
+1 6
+1 6
+1 6
+1 6
+1 6
+1 6
+1 6
+1 6
+1 6
+1 6
+1 6
+1 4
+4 4
+1 4
+1 4
+1 4
+2 4
+4 2
+1 2
+1 2
+1 2
+1 2
+1 2
+1 2
+1 2
+1 2
+1 2
+1 2
+1 2
+1 2
+1 2
+1 2
+1 2
+1 2
+1 2
+1 2
+1 2
+1 2
+1 2
+1 2
+1 3
+5 1
+1 1
+3 1
+1 1
+1 1
+1 1
+1 1
+1 1
+1 1
+1 1
+1 1
+1 1
+1 1
+1 1
+1 1
+1 1
+1 1
+1 1
+1 1
+1 1
+2 1
+1 1
+2 1
+1 1
+1 1
+1 1
+1 1
+1 1
+1 1
+1 1
+2 1
+1 1
+1 1
+1 1
+1 1
+1 1
+1 1
+1 1
+1 1
+1 1
+3 1
+4 1
+1 1
+1 1
+1 1
+2 1
-9 1
+4 1
+1 1
+1 1
+1 1
+2 1

ob=(3)
fl=(126) ./stdio-common/printf-parse.h
fn=(546) read_int
76 1495527
+2 3489563
+4 498509
+6 997018
-1 498509
+1 498509
-1 498509
+1 498509
+3 1994036
-13 2991054
+1 997018
+2 997018
+15 997018

fl=(127) ./libio/filedoalloc.c
fn=(556) _IO_file_doallocate
78 24
+6 12
fi=(129) ./libio/libioP.h
941 9
+2 6
+1 6
fe=(127)
84 9
cfi=(115) ./libio/fileops.c
cfn=(558) _IO_file_stat
calls=3 1147 
* 42
* 6
+2 12
+11 12
+4 6
cob=(2)
cfi=(17)
cfn=(470)
calls=3 0 
* 20488
* 3
+1 6
+2 12
cfi=(114) ./libio/genops.c
cfn=(562) _IO_setb
calls=3 329 
* 81
+1 3
+1 24
-15 1
fi=(162) ./libio/../include/sys/sysmacros.h
-44 6
fe=(127)
+44 1
-2 2
+5 2

fl=(149) ./string/../sysdeps/x86_64/multiarch/strlen-avx2.S
fn=(758) __strlen_avx2
55 1
+1 1
+1 1
+3 1
+1 1
+1 1
+3 1
+1 1
+1 1
+8 1
335 1
+1 1
+1 1
+4 1
+1 1

fl=(154) ./stdlib/exit.c
fn=(862) __run_exit_handlers
40 10
+5 3
+11 3
fi=(96) ./stdlib/../sysdeps/unix/sysv/linux/x86/lowlevellock.h
-9 1
fe=(154)
+9 3
fi=(96)
-9 1
fe=(154)
+9 2
fi=(96)
-9 2
fe=(154)
+12 2
+2 5
+51 1
fi=(96)
-65 1
fe=(154)
+65 2
fi=(96)
-65 1
fe=(154)
+67 2
-44 6
+2 1
+1 1
-1 1
+4 4
+1 8
+29 1
+2 1
-5 1
+5 1
-2 2
+2 1
cob=(1)
cfi=(156)
cfn=(868)
calls=1 -78 
* 617
+1 1
+11 2
+1 2
+5 5
-61 1
+1 4
+63 2
+1 6
cfi=(114)
cfn=(908) _IO_cleanup
calls=1 863 
* 342
* 3
+2 2
cfi=(160) ./posix/../sysdeps/unix/sysv/linux/_exit.c
cfn=(926) _Exit
calls=1 27 
* 4
-86 1
cfi=(155) ./stdlib/cxa_thread_atexit_impl.c
cfn=(864) __call_tls_dtors
calls=1 +99 
* 11
* 1

fn=(860) exit
138 1
+1 4
cfn=(862)
calls=1 -99 
* 1071

fl=(136) ./stdio-common/printf_fp.c
fn=(724) __printf_fp
1267 1
-1 2
+1 3
cfn=(726) __printf_fp_l
calls=1 208 
* 2542

fn=(726)
208 12
+81 1
-81 4
+50 1
-9 1
+16 1
-7 1
+10 1
-10 3
+10 1
-10 1
+10 2
fi=(137) ./stdio-common/../include/../locale/localeinfo.h
+47 2
fe=(136)
-44 1
fi=(137)
+44 1
fe=(136)
-44 1
+18 2
+8 1
-71 1
-1 1
379 1
-1 2
+5 2
+1 10
1260 12
423 1
+13 1
-13 6
+1 1
+1 2
+3 5
+1 2
+1 1
-2 1
+2 1
-1 1
-1 1
+2 1
-1 1
+1 1
+7 2
+17 1
+4 4
-4 2
+16 2
+11 1
-41 1
+10 1
+31 1
-30 7
+33 3
+41 1
+1 2
-1 1
+1 3
cfi=(140) ./string/../sysdeps/x86_64/multiarch/memmove-vec-unaligned-erms.S
cfn=(736) __memcpy_avx_unaligned_erms
calls=1 233 
* 10
* 1
+16 4
+9 12
+2 24
-74 24
-4 12
+4 49
-4 1
+4 4
+15 1
-13 2
+64 5
cfi=(140)
cfn=(736)
calls=1 233 
* 10
* 1
+1 3
+1 3
+1 1
+3 1
-5 1
+1 1
+1 2
-1 1
+1 1
+5 2
+1 2
+6 2
+4 1
+4 1
-4 1
+4 2
-4 10
+6 2
822 1
+10 1
-10 1
+10 1
+6 1
-16 1
+10 2
+6 1
-6 2
+2 2
+10 2
384 8
cfi=(138) ./stdlib/../sysdeps/x86_64/../i386/ldbl2mpn.c
cfn=(730) __mpn_extract_long_double
calls=1 34 
* 22
* 8
542 3
cfi=(141) ./stdlib/cmp.c
cfn=(738) __mpn_cmp
calls=1 35 
* 11
+3 1
-3 2
907 1
-1 4
+7 1
fi=(144) ./stdio-common/../sysdeps/pthread/allocalim.h
27 2
cfi=(143) ./nptl/alloca_cutoff.c
cfn=(742) __libc_alloca_cutoff
calls=1 +1 
* 10
+2 3
fe=(136)
923 8
+1 1
+3 1
-3 1
+3 2
+3 5
-6 4
+9 3
cfn=(746) hack_digit
calls=1 162 
* 112
* 3
cfn=(746)
calls=1 162 
* 109
* 2
-3 4
+3 4
+4 6
+2 3
-4 1
+18 2
-2 2
+1 3
+1 2
+4 6
-1 6
+2 6
-1 6
cfn=(746)
calls=6 162 
* 684
* 6
+3 18
-7 12
+1 4
+15 3
+1 3
cfn=(746)
calls=1 162 
* 104
+2 2
-2 1
+2 5
+2 3
-1 1
fi=(147) ./stdio-common/../sysdeps/generic/get-rounding-mode.h
94 1
+1 7
fi=(148) ./stdio-common/../include/rounding-mode.h
-43 3
fe=(136)
1088 7
+7 2
+3 3
+13 3
+46 2
+2 2
-2 5
+2 5
+2 2
252 2
1166 3
846 1
+1 1
+7 1
-7 2
+3 4
+2 1
+40 1
-44 1
+4 1
+2 2
-7 1
+5 1
-3 1
-2 1
+45 2
1168 2
+3 5
+9 1
+7 1
-7 2
+7 2
+5 3
cfi=(149)
cfn=(758)
calls=1 55 
* 15
* 1
+2 2
-2 1
+2 2
+5 1
+2 1
-2 3
+2 2
+11 7
+7 12
+3 16
+3 16
-6 24
+1 27
+1 2
-2 1
+2 1
cfi=(140)
cfn=(762) __mempcpy_avx_unaligned_erms
calls=1 220 
* 17
* 1
* 1
-2 2
+10 6
+17 5
+3 3
+7 3
-10 130
cfi=(114)
cfn=(764) __overflow
calls=9 199 
* 450
* 18
906 3
fi=(137)
315 2
fe=(136)
1161 5
847 3
465 1
-2 1
+2 1
-3 2
+3 4
-3 2
cfi=(139) ./stdlib/../sysdeps/x86_64/lshift.S
cfn=(732) __mpn_lshift
calls=1 29 
* 15
+4 9
+1 2
+1 5
634 2
974 3
+3 1
+4 1
-4 2
804 1
1195 2
599 1
-3 1
+3 3
+28 2
-28 2
+16 2
+2 1
-2 1
cfi=(142) ./stdlib/../sysdeps/x86_64/rshift.S
cfn=(740) __mpn_rshift
calls=1 29 
* 17
+3 2
-1 1
+1 1
-1 1
+1 3
cfi=(142)
cfn=(740)
calls=1 29 
* 17
+2 6

fn=(746)
162 36
+3 27
+2 9
+2 18
-2 18
+8 18
+21 27
cfi=(146) ./stdlib/../sysdeps/x86_64/mul_1.S
cfn=(750) __mpn_mul_1
calls=9 32 
* 180
+1 18
+1 25
+4 45
-23 63
cfi=(145) ./stdlib/divrem.c
cfn=(748) __mpn_divrem
calls=9 46 
* 372
+2 9
-2 9
+2 27
+3 9
-2 9
+2 9
+1 54
+11 9
+5 18

fl=(81)
fn=(290)
34 1
-1 2
+1 1
-2 2
+2 3
+1 2
fi=(82) ./wcsmbs/../sysdeps/x86_64/multiarch/wmemcmp.c
-6 1
fe=(81)

fl=(140)
fn=(762)
220 2
+1 2
+1 2
+17 2
+1 2
+58 2
+1 2
+2 2
+1 2
+1 2
+1 2
+1 2
+1 2
+1 2
+1 2
+1 2
+2 2

fn=(736)
233 2
+6 2
+1 2
+58 2
+1 2
+26 2
+1 2
+1 2
+1 2
+1 2

fl=(141)
fn=(738)
35 2
+2 1
+1 1
+1 2
+8 5

fl=(76)
fn=(262)
37 5
+6 1

fl=(104) ./malloc/arena.c
fn=(410) ptmalloc_init.part.0
289 5
+13 1
-8 1
+8 1
+6 3
fi=(102)
1795 4
+3 2
-3 3
+3 252
-3 378
+11 1
fe=(104)
313 2
fi=(102)
1807 1
fe=(104)
313 1
fi=(102)
1809 1
fe=(104)
313 2
cob=(1)
cfi=(100)
cfn=(399)
calls=1 72 
* 839
* 5
+1 4
cob=(1)
cfi=(8)
cfn=(26)
calls=1 +53 
* 19
* 1
+1 4
cob=(1)
cfi=(8)
cfn=(26)
calls=1 +52 
* 18
* 1
+1 4
cob=(1)
cfi=(8)
cfn=(26)
calls=1 +51 
* 19
* 1
+1 4
cob=(1)
cfi=(8)
cfn=(26)
calls=1 +50 
* 19
* 1
+1 4
cob=(1)
cfi=(8)
cfn=(26)
calls=1 +49 
* 18
* 1
+1 4
cob=(1)
cfi=(8)
cfn=(26)
calls=1 +48 
* 19
* 1
+1 4
cob=(1)
cfi=(8)
cfn=(26)
calls=1 +47 
* 19
* 1
+2 4
cob=(1)
cfi=(8)
cfn=(26)
calls=1 +45 
* 19
* 1
+1 4
cob=(1)
cfi=(8)
cfn=(26)
calls=1 +44 
* 19
* 1
+1 4
cob=(1)
cfi=(8)
cfn=(26)
calls=1 +43 
* 19
* 1
+3 4
cob=(1)
cfi=(8)
cfn=(26)
calls=1 +40 
* 19
* 1
+69 2
+1 2
+3 1
+1 6
-98 5
cfi=(105) ./elf/dl-addr.c
cfn=(412) _dl_addr
calls=1 126 
* 72477
* 2
+1 4

fl=(111)
fn=(448)
168 1495527
+5 498509
+1 498509
+1 498508
+1 498508
+2 498508
+1 498508
+1 498508
+1 498508
+52 1
+1 1
+25 1
+1 1
+1 1
+1 1

fl=(128) ./io/../sysdeps/unix/sysv/linux/wordsize-64/fxstat.c
fn=(560) _fxstat
33 9
+1 6
+1 12
+4 3

fl=(113)
fn=(468) __fopen_internal
57 14
+8 2
-8 2
+8 2
cob=(2)
cfi=(17)
cfn=(470)
calls=2 -65 
* 384
+2 6
+3 2
+2 4
-2 2
+2 10
cfi=(114)
cfn=(472) _IO_no_init
calls=2 563 
* 120
+1 2
+1 2
-1 2
+1 2
cfi=(115)
cfn=(476) _IO_new_file_init_internal
calls=2 +38 
* 182
+1 10
cfi=(115)
cfn=(482) _IO_file_fopen@@GLIBC_2.2.5
calls=2 214 
* 390
* 4
-38 4
+44 14

fn=(466)
86 4
cfn=(468)
calls=2 -29 
* 1160

fl=(132)
fn=(622)
56 63135
+2 63135
+5 63135
+2 63135
+1 63135
+1 63135
301 63135
+1 63135
+1 63135
+1 63135
+10 63135
+1 63135
+33 63135
+2 63135
+1 63135
+1 63135
+1 63135
+1 63113
+1 63113
+1 57130
+1 57130
+1 25100
+1 25100
+1 12597
+1 12597
+1 2232
546 2232
+1 2232
+9 2232
+1 2232
+4 10365
+1 10365
+1 10365
+9 10365
+1 10365
+4 12503
+1 12503
+9 12503
+1 12503
+4 32030
+1 32030
+1 32030
+1 32030
+10 32030
+1 32030
+4 5983
+1 5983
+1 5983
+1 5983
+10 5983
+1 5983
+4 22
+1 22
+1 22
+1 22
+10 22
+1 22

fl=(86)
fn=(328)
52 3
+3 3
+14 1
+8 1
-10 1
+1 1
+1 1
+8 1
cfi=(87) ./misc/init-misc.c
cfn=(330) __init_misc
calls=1 -46 
* 52
+8 2
-5 1
cfi=(89) ./ctype/ctype-info.c
cfn=(336) __ctype_init
calls=1 -49 
* 16
-18 1
-7 1
+7 4

fl=(151)
fn=(790)
34 8
+14 6
fi=(129)
884 4
+1 6
fe=(151)
57 2
fi=(129)
941 6
+2 4
+1 4
fe=(151)
57 6
cfi=(115)
cfn=(812) _IO_file_finish@@GLIBC_2.2.5
calls=2 169 
* 54
+1 6
fi=(129)
856 8
+1 8
+6 4
cob=(2)
cfi=(17)
cfn=(808)
calls=2 0 
* 160
fe=(151)
76 10
-27 2
cfi=(114)
cfn=(792) _IO_un_link
calls=2 +5 
* 192
+2 20
fi=(116) ./libio/../sysdeps/unix/sysv/linux/x86/lowlevellock.h
-4 4
fe=(151)
+4 8
fi=(129)
884 4
fe=(151)
52 4
+1 4
cfi=(115)
cfn=(800) _IO_file_close_it@@GLIBC_2.2.5
calls=2 +76 
* 464
fi=(129)
884 2
fe=(151)
53 2
fi=(129)
884 4
+1 12
fe=(151)
71 4

fl=(58)
fn=(230)
45 3
-1 2
+5 2
-1 2
+12 2
+2 5

fn=(208)
45 6
-1 4
+5 4
-1 4
+12 4
+2 10

fn=(256)
45 3
-1 2
+5 2
-1 2
+12 2
+2 5

fl=(97) ./setjmp/../sysdeps/x86_64/bsd-_setjmp.S
fn=(382) _setjmp
30 1
+2 1
cfi=(98) ./setjmp/../sysdeps/x86_64/setjmp.S
cfn=(384) __sigsetjmp
calls=1 * 
* 26

fl=(112) ./misc/../sysdeps/unix/sysv/linux/mmap64.c
fn=(454) mmap
51 2
-3 4
+6 2
+5 6
+2 3
-7 2

fl=(108) ./malloc/morecore.c
fn=(438) __default_morecore
46 61
+1 61
cfi=(109) ./misc/sbrk.c
cfn=(440) sbrk
calls=61 -15 
* 2131
+2 183
+3 122

fl=(68)
fn=(236)
41 3
-2 1
+2 1
-2 2
+15 1

fl=(64)
fn=(222)
32 3
-2 5
fi=(163) ./string/../sysdeps/x86_64/multiarch/strrchr.c
-2 1
fe=(64)

fn=(270)
32 3
-2 5
fi=(164) ./string/../sysdeps/x86_64/multiarch/memrchr.c
-1 1
fe=(64)

fn=(244)
32 6
-2 10
fi=(165) ./string/../sysdeps/x86_64/multiarch/strnlen.c
+1 2
fe=(64)

fn=(294)
32 3
-2 5
fi=(166) ./string/../sysdeps/x86_64/multiarch/strchrnul.c
+1 1
fe=(64)

fn=(224)
32 3
-2 5
fi=(167) ./string/../sysdeps/x86_64/multiarch/rawmemchr.c
+1 1
fe=(64)

fn=(268)
32 3
-2 5
fi=(168) ./string/../sysdeps/x86_64/multiarch/strlen.c
-1 1
fe=(64)

fn=(276)
32 3
-2 5
fi=(169) ./string/../sysdeps/x86_64/multiarch/memchr.c
-1 1
fe=(64)

fl=(98)
fn=(384)
32 1
+9 1
+1 2
+1 1
+4 1
+1 1
+1 1
+1 1
+1 1
+2 2
+2 1
+1 1
+3 2
+2 1
+23 1
cfi=(99) ./setjmp/sigjmp.c
cfn=(386) __sigjmp_save
calls=1 -56 
* 8

fl=(75)
fn=(260)
32 4
-2 2
+2 6
-2 4
+5 2
-1 2
+1 2
-1 6
fi=(170) ./wcsmbs/../sysdeps/x86_64/multiarch/wmemset.c
-3 4
fe=(75)

fl=(102)
fn=(444) alloc_perturb
1868 188448
+2 62816

fn=(404)
3366 31181
+10 31181
-10 124724
+10 249448
+8 62362
+1 62362
+9 93540
+2 93540
+10 31180
+1 93540
+21 93540
cfn=(434) _int_malloc
calls=31180 +85 
* 4369781
* 31180
+2 155900
+3 93540
+14 62360
+6 31180
+2 31180
-2 62360
+3 1
-1 2
+50 218260
-44 31179
+3 62358
+11 31179
+2 62358
+2 62358
+5 31179
+1 31179
+1 31179
+1 62358
+2 30730
+1 30730
+1 61460
-61 155895
+20 31179
+14 63705
+41 5
-25 1
cfi=(111)
cfn=(448)
calls=1 168 
* 11
* 1
-93 3
cfi=(103) ./malloc/hooks.c
cfn=(406) malloc_hook_ini
calls=1 30 
* 74950
+4 2
-4 1
+1 2

fn=(510) _int_memalign
4657 436513
1208 124718
+2 498872
4684 124718
cfn=(434)
calls=62359 3513 
* 15275722
* 62359
+2 124718
+5 62359
-2 62359
+2 187077
+9 311790
+2 249432
+5 249432
+3 124716
+8 311790
+4 62358
-4 62358
+2 62358
+1 249432
+1 62358
-1 62358
+1 62358
cfn=(512) _int_free
calls=62358 4155 
* 5175186
+3 561222
+5 187077
+2 62359
+1 187077
+2 1
+2 1
-1 1
+4 1
-3 4
+3 1
-3 2
+2 4
+1 2
cfn=(512)
calls=1 4155 
* 59
+6 561231
-43 62358
+3 187074

fn=(502)
3261 124718
cfn=(504) _mid_memalign
calls=62359 +10 
* 28308204

fn=(504)
3271 62359
-5 249436
+5 62359
+1 124718
+4 124716
+4 124716
+21 187074
+2 249432
cfn=(510)
calls=62358 4657 
* 25813546
* 62358
+1 436506
+22 311790
-41 187074
+8 187074
+33 3
-53 1
cfi=(103)
cfn=(506) memalign_hook_ini
calls=1 46 
* 326
+31 124716

fn=(505) _mid_memalign'2
3271 1
-5 4
+5 1
+1 2
+4 2
+4 2
+21 3
+2 4
cfn=(510)
calls=1 4657 
* 269
* 1
+1 7
+22 5
-41 3
+8 3
+11 2

fn=(512)
4155 1247216
+10 779510
+6 779510
+1 311804
+4 623608
+8 779510
-1 311804
+1 311804
+3 155900
+6 311800
+13 623600
+14 311758
+11 623508
+2 467631
1875 467631
4254 155877
+1 155877
+4 467631
+2 467631
+4 311754
+2 155877
+1 155877
+18 623382
+1 249164
4428 1714922
4295 4
+3 2
+3 10
+7 2
-4 2
+4 4
+3 4
+5 6
+3 4
+1 4
+1 4
1875 6
4327 4
+9 4
+5 4
+4 2
+9 2
-1 2
+2 4
+2 2
+1 2
+1 4
+5 2
+1 2
+2 6
+1 2
+30 4
+20 6
2926 23
+2 23
-4 23
+2 46
+1 23
+1 23
4209 23
4361 2
+1 4
-49 6
-2 4

fn=(782)
3087 93544
+5 187088
+1 187088
+6 187088
+5 93544
-2 93544
+2 187088
+18 280629
+2 280629
+1 93543
+1 93543
-1 93543
cfn=(512)
calls=93543 4155 
* 7389645
-17 3
+2 4
+8 1
+8 1
-8 1
cfn=(850) munmap_chunk
calls=1 2809 
* 37
-7 4
+2 2
+1 3

fn=(434)
3513 654822
1208 187092
+2 467730
3638 93542
+2 93542
-2 93542
+2 187084
4147 841914
1210 187092
3553 187092
4131 187092
3577 187092
+58 14
+62 140
+1 12
+1 2
cfn=(668) malloc_consolidate
calls=1 4441 
* 7544
* 1
3582 187078
+2 187078
+5 561234
4133 187084
3637 93542
4133 1216046
3718 93542
-1 93542
-1 93542
+1 187084
+1 187088
-1 4
-1 4
+1 8
+1 8
-2 187090
+6 93545
+6 93545
+67 280635
-67 280635
-6 1
+6 1
+67 3
-67 180
3892 60
3759 60
+42 60
+91 120
-91 60
-74 60
+32 60
2926 60
3801 120
2926 120
3731 120
+1 60
+2 120
-3 124582
+1 62291
+2 124582
+1 187053
+2 62351
+1 249404
+2 249404
-10 62351
+12 124702
+1 124702
+2 124702
+11 248978
+31 62351
+1 62351
+4 124702
+29 124702
+2 62351
+1 62351
-1 62351
+1 187053
+1 62351
+56 124702
+9 62351
-9 187053
+1 62351
+1 62351
+1 62351
+1 62351
+5 62351
+1 124702
+9 187053
3728 187053
3917 187210
+2 12
+3 4
-3 4
+3 8
+68 187210
+1 93605
+1 93605
-1 93605
+3 93605
-2 93605
+2 93605
-1 187210
+1 93605
+5 248670
+14 61460
+8 30730
+3 61460
3697 4
4006 754452
-3 754464
4103 62875
+1 125750
+2 125750
+3 188745
+17 360
+2 118
cfn=(668)
calls=59 4441 
* 2180081
+3 59
-1 118
+1 59
-1 59
3757 118
3638 9
4033 92190
+3 61460
+2 30730
+3 92190
cfn=(670) unlink_chunk.constprop.0
calls=30730 1451 
* 553140
-3 30730
+6 92190
1868 30730
4081 30730
1868 61460
4047 30730
-1 30730
+1 61460
+94 244
cfn=(436) sysmalloc
calls=61 2255 
* 9633
* 61
+1 122
-22 188448
cfn=(444)
calls=62816 1868 
* 251264
+1 62816
-7 62755
-3 62755
+1 62755
-1 62755
+3 62755
-1 62755
+1 62755
+2 62755
-2 313775
+2 62755
+3 125510

fn=(428)
3031 6
-8 24
+8 6
+1 12
1208 12
+2 24
3044 24
+3 10
+9 18
+2 18
cfn=(434)
calls=6 3513 
* 20793
* 6
+1 42
+23 30
1210 6
3042 18
-64 4
cfn=(430) tcache_init.part.0
calls=1 +3 
* 472
+69 2
+1 4
+1 12

fn=(670)
1451 30730
+2 153650
+3 30730
+1 30730
+2 122920
+3 30730
+1 30730
+1 61460
+24 61460

fn=(430)
2981 1
-9 1
+9 6
fi=(107) ./malloc/../sysdeps/unix/sysv/linux/x86/lowlevellock.h
47 2
fe=(102)
2982 3
cfn=(434)
calls=1 3513 
* 358
* 1
+1 2
+8 4
+7 2
+2 1
+1 2
-1 1
+1 86
+3 2

fn=(850)
2809 1
+2 1
-1 1
+1 1
-1 1
+1 1
+2 2
+4 2
+4 2
+1 1
+6 1
-8 1
+8 1
+1 1
-1 2
+1 4
+3 1
+1 3
+5 1
+1 1
-1 1
cfi=(153) ./misc/../sysdeps/unix/syscall-template.S
cfn=(852) munmap
calls=1 117 
* 5
-21 2

fn=(436)
2255 488
+20 122
+11 122
+1 303
fi=(104)
536 180
fe=(102)
2302 240
+66 60
+1 180
+1 60
+9 535
+6 180
+3 180
2705 120
+1 60
+5 120
+3 120
+5 60
-2 60
+5 60
-6 60
+3 120
-1 60
+1 120
+1 60
-1 120
+1 60
+8 549
2288 3
+14 4
+6 2
+19 3
+16 1
-1 1
+1 2
+5 3
+1 5
+3 3
+1 5
+26 300
-77 120
2449 120
+11 60
+8 120
+2 300
cfi=(108)
cfn=(438)
calls=60 46 
* 2533
+4 180
-4 60
+4 60
+3 120
+1 120
+48 60
-2 120
+2 60
-2 179
+2 59
+6 118
-6 1
+6 120
+1 59
2710 59
2533 177
-8 2
2662 1
-1 1
-1 1
+1 2
+1 1
-1 1
+1 1
+11 2
2535 4
+40 3
+22 2
+1 5
+2 1
+1 5
cfi=(108)
cfn=(438)
calls=1 46 
* 25
+12 3
-12 1
+12 1
+8 2
+1 2
+1 3
2310 7
cfi=(112)
cfn=(454)
calls=1 51 
* 19
+2 2

fn=(668)
4441 60
+17 60
-17 120
+28 60
-28 300
+15 60
+2 60
+13 120
+1 120
-1 1080
+1 1080
+58 1800
+1 480
-31 124702
+4 62351
+2 62351
+1 62351
+1 62351
+2 124702
+6 62351
-1 62351
+2 62351
-2 124702
+1 62351
+2 62351
+9 186993
-52 186873
+1 249164
-1 180
+1 240
+8 62351
-3 62351
+3 62351
+1 62351
+1 124702
+2 124702
+9 124702

fl=(90)
fn=(338)
84 4
+1 3
+1 3
+2 1

fl=(114)
fn=(764)
199 18
+2 27
+2 9
fi=(129)
941 27
+2 18
+1 18
fe=(114)
203 9
+1 18
-1 9
cfi=(115)
cfn=(716) _IO_file_overflow@@GLIBC_2.2.5
calls=9 732 
* 297

fn=(472)
563 18
+1 2
cfn=(474) _IO_old_init
calls=2 -30 
* 54
+1 2
+1 4
+2 2
+1 2
+1 2
+1 2
+1 2
+1 2
+1 2
+1 2
+1 2
+1 2
+1 2
+1 2
+2 2
+6 2
+1 12

fn=(720) _IO_default_xsputn
371 9
+3 2
fi=(129)
941 7
fe=(114)
399 29
fi=(129)
943 18
+1 18
fe=(114)
399 36
cfi=(115)
cfn=(716)
calls=9 732 
* 297
* 18
+2 9
-2 9
-20 40
+24 1
+1 8

fn=(478) _IO_link_in
87 16
+1 20
+4 2
-2 6
+2 10
+1 12
fi=(116)
-46 4
fe=(114)
+46 4
+2 2
-1 2
-1 4
+2 14
fi=(116)
-48 2
fe=(114)
+48 4
fi=(116)
-48 2
fe=(114)
+48 2
+5 2
-3 2
-2 4
+3 2
-1 2
+3 28
+1 2
+1 16
+1 4
+3 32

fn=(566) _IO_switch_to_get_mode
164 4948
+1 3711
+3 3711
+4 2474
+1 2474
+7 1237
-4 1237
+4 1237
-2 2474
+3 1237
+1 4948

fn=(802) _IO_unsave_markers
960 2
+2 2
-2 2
+2 2
+5 6
+2 4

fn=(922) _IO_default_setbuf
452 1
fi=(129)
941 1
fe=(114)
452 4
fi=(129)
941 1
fe=(114)
452 1
fi=(129)
941 1
fe=(114)
452 2
+1 1
fi=(129)
943 2
+1 2
fe=(114)
453 2
cfi=(115)
cfn=(924) _IO_file_sync@@GLIBC_2.2.5
calls=1 793 
* 17
* 2
+4 1
330 1
462 1
-7 2
337 1
-5 1
467 1
333 1
+4 1
465 3
+1 3
+2 6
-11 1
+1 2
-1 1
330 4

fn=(908)
863 1
+3 1
-3 9
+3 1
cfn=(910) _IO_flush_all_lockp
calls=1 686 
* 112
-80 1
+80 1
-80 2
+1 6
fi=(116)
47 2
fe=(114)
787 2
+3 1
-3 2
+3 2
fi=(129)
941 4
fe=(114)
807 2
+31 3
-48 9
+9 9
+2 6
+6 8
fi=(116)
47 2
fe=(114)
807 2
+8 5
+9 1
fi=(129)
943 2
+1 2
fe=(114)
824 4
cfi=(115)
cfn=(920) _IO_file_setbuf@@GLIBC_2.2.5
calls=1 382 
* 82
+2 3
+4 5
+1 10
+11 10
+1 2
+35 12
-92 4
+31 2
+2 1
+1 1
-1 1
+2 3
-14 4

fn=(910)
686 8
+5 6
+1 6
fi=(116)
47 2
fe=(114)
692 2
+3 1
-8 1
+5 2
+3 2
fi=(129)
941 3
fe=(114)
699 2
+10 6
+2 3
-16 9
+2 3
+1 6
+3 21
+14 10
+1 3
+4 12
-29 4

fn=(550) _IO_default_uflow
361 1237
fi=(129)
941 2474
fe=(114)
361 1237
fi=(129)
941 1237
fe=(114)
361 2474
+1 1237
fi=(129)
943 2474
+1 2474
fe=(114)
362 2474
cfi=(115)
cfn=(552) _IO_file_underflow@@GLIBC_2.2.5
calls=1237 466 
* 138059
+1 2474
+2 4940
+1 4948

fn=(572) _IO_sputbackc
635 3988044
+3 2991033
+1 1994022
+9 997011
+3 3988044
-10 1994022
+1 997011
+5 997011

fn=(794) __GI__IO_un_link.part.0
52 10
+6 2
-6 6
+6 4
+1 12
fi=(116)
-12 4
fe=(114)
+12 4
+2 2
-1 2
-1 2
+2 2
-2 2
+2 14
fi=(116)
-14 2
fe=(114)
+14 4
fi=(116)
-14 2
fe=(114)
+27 2
-13 2
+2 2
+13 2
-15 2
+13 2
-13 2
+15 2
-13 4
+3 2
-1 4
+1 1
+8 1
+2 20
+2 2
-2 2
+2 4
-20 8
+11 2
-1 2
+9 2
+1 16
+1 4
+3 16
-11 1
-3 1
+3 1
+3 1
+2 2

fn=(792)
54 10
cfn=(794)
calls=2 -2 
* 186
+28 2

fn=(554) _IO_doallocbuf
344 6
-1 9
+3 12
+1 3
fi=(129)
941 9
+2 6
+1 6
fe=(114)
347 6
cfi=(127)
cfn=(556)
calls=3 78 
* 20773
* 6
+3 12

fn=(562)
329 45
+1 24
+5 10
-3 5
+3 10
-2 5
+2 10
+3 30
-7 2
cob=(2)
cfi=(17)
cfn=(808)
calls=2 0 
* 254
+4 4

fn=(474)
534 2
-2 2
+1 2
-1 2
+2 4
+16 2
-14 2
+14 2
+5 2
-18 2
+1 2
+1 2
+1 2
+1 2
+1 2
+1 2
+1 2
+2 2
+1 2
+1 2
+1 2
+6 4
+1 4
+2 2

fn=(814) _IO_default_finish
601 4
+2 6
+6 6
+3 6
54 4
624 4

fn=(548) __uflow
299 4948
+1 3711
+5 2474
+3 3711
+2 2474
+6 2474
+7 1237
fi=(129)
941 3711
+2 2474
+1 2474
fe=(114)
323 1237
+1 1237
-1 1237
+1 2474
-1 1237
cfn=(550)
calls=1237 +38 
* 167739
-23 2474
+21 3711

fl=(134) ./stdio-common/printf.c
fn=(704) printf
28 12
+4 1
+1 2
-1 2
+1 1
-1 1
+1 1
-1 1
+1 1
-1 1
+1 1
cfi=(135) ./stdio-common/vfprintf-internal.c
cfn=(706) __vfprintf_internal
calls=1 1289 
* 4057
+4 5

fl=(145)
fn=(748)
46 99
+3 18
+13 9
+1 9
-16 9
+18 18
+6 36
+1 30
+1 18
-1 18
+4 18
+3 9
234 81

fl=(71)
fn=(280)
30 5
fi=(171) ./string/../sysdeps/x86_64/multiarch/strspn.c
-1 1
fe=(71)

fn=(246)
30 5
fi=(172) ./string/../sysdeps/x86_64/multiarch/strcspn.c
-1 1
fe=(71)

fn=(264)
30 5
fi=(173) ./string/../sysdeps/x86_64/multiarch/strpbrk.c
-1 1
fe=(71)

fl=(74)
fn=(258)
40 3
-2 1
+2 1
-2 2
+11 1

fl=(123)
fn=(540)
25 4985090
+4 498509
+1 997018
-1 2492545
+1 498509
cfi=(124) ./stdio-common/vfscanf-internal.c
cfn=(542) __vfscanf_internal
calls=498509 278 
* 311874272
+4 2492545

fl=(122) ./time/../sysdeps/unix/sysv/linux/clock_gettime.c
fn=(530) clock_gettime@@GLIBC_2.17
31 10
+7 22
+35 8

fl=(118) ./string/../string/strstr.c
fn=(488) __GI_strstr
77 14
+5 2
-5 6
+5 4
+2 8
cfi=(119) ./string/../sysdeps/x86_64/multiarch/strchr-avx2.S
cfn=(492) __strchr_avx2
calls=2 -39 
* 42
* 2
* 2
+1 4
+44 2
+32 24

fl=(146)
fn=(750)
32 9
+3 9
+1 9
+1 9
+1 9
+1 9
+2 9
+1 9
+2 9
+1 9
+1 9
+1 9
+1 9
+2 9
+1 9
+1 9
+1 9
+69 9
+2 9
+3 9

fl=(59)
fn=(210)
36 3
-2 1
+2 1
-2 2
fi=(60) ./string/../sysdeps/x86_64/multiarch/strncpy.c
-5 1
fe=(59)

fn=(218)
36 3
-2 1
+2 1
-2 2
fi=(63) ./string/../sysdeps/x86_64/multiarch/strcat.c
-5 1
fe=(59)

fn=(252)
36 6
-2 2
+2 2
-2 4
fi=(73) ./string/../sysdeps/x86_64/multiarch/strcpy.c
-5 2
fe=(59)

fn=(282)
36 3
-2 1
+2 1
-2 2
fi=(79) ./string/../sysdeps/x86_64/multiarch/stpncpy.c
-3 1
fe=(59)

fn=(286)
36 3
-2 1
+2 1
-2 2
fi=(80) ./string/../sysdeps/x86_64/multiarch/stpcpy.c
-1 1
fe=(59)

fl=(95) ./stdlib/cxa_atexit.c
fn=(354) __cxa_atexit
70 2
cfn=(356) __internal_atexit
calls=1 -34 
* 70

fn=(360) __new_exitfn
88 2
-6 4
+11 4
-10 2
+12 4
-2 1
+10 1
-10 3
+45 1
+5 1
-4 1
+4 4
-18 1
-1 1
+1 1

fn=(356)
36 5
+5 6
+2 1
fi=(96)
+4 1
fe=(95)
-4 2
fi=(96)
+4 2
fe=(95)
-3 2
cfn=(360)
calls=1 +44 
* 31
+2 2
+7 1
+3 1
-3 2
+4 1
-2 1
+3 1
+1 4
+2 7

fl=(89)
fn=(336)
31 7
+2 4
+2 4
+1 1

fl=(158) ./nptl/register-atfork.c
fn=(894) __unregister_atfork
79 2
+1 3
fi=(159) ./nptl/../sysdeps/unix/sysv/linux/x86/lowlevellock.h
-33 2
fi=(174) ./nptl/../malloc/dynarray-skeleton.c
239 1
fe=(158)
68 2
+38 4
+1 2

fl=(105)
fn=(412)
126 2
+2 1
-2 8
+5 1
-5 1
+5 2
cob=(1)
cfi=(2)
cfn=(52)
calls=1 841 
* 2
+2 2
cob=(1)
cfi=(100)
cfn=(399)
calls=1 -61 
* 923
* 5
+2 3
30 1
+1 1
-1 1
+1 1
+3 2
+5 1
+6 1
-7 1
+2 3
+2 3
+3 2
+4 5
-5 4
+5 4043
+2 1010
+1 2020
-1 1
+1 2
+2 2757
+10 9308
+1 14980
+5 7074
-10 7074
+1 14148
+2 7043
+37 2
+1 1
+1 3
+3 2
+36 2
cob=(1)
cfi=(2)
cfn=(54)
calls=1 847 
* 2
+3 9
-79 2016
+52 1
+21 1
-20 2

fl=(87)
fn=(330)
31 2
-1 4
+1 3
+2 3
cfi=(88) ./string/../sysdeps/x86_64/multiarch/strrchr-avx2.S
cfn=(334) __strrchr_avx2
calls=1 +10 
* 27
* 1
+4 5
+1 3
+2 4

fl=(69)
fn=(238)
41 6
-2 2
+2 2
-2 4
+14 2

fl=(155)
fn=(864)
145 3
+1 4
+18 4

fl=(61)
fn=(248)
32 4
fi=(72) ./string/../sysdeps/x86_64/multiarch/strncase.c
-1 1
fe=(61)

fn=(272)
32 4
fi=(78) ./string/../sysdeps/x86_64/multiarch/strcasecmp_l.c
-1 1
fe=(61)

fn=(214)
32 4
fi=(62) ./string/../sysdeps/x86_64/multiarch/strcasecmp.c
-1 1
fe=(61)

fn=(296)
32 4
fi=(83) ./string/../sysdeps/x86_64/multiarch/strncase_l.c
-1 1
fe=(61)

fl=(117) ./io/../sysdeps/unix/sysv/linux/open64.c
fn=(486) open
37 2
+3 2
-3 16
+3 12
+8 20
+2 14

fl=(65)
fn=(228)
32 3
-2 6

fn=(242)
32 6
-2 10
fi=(175) ./wcsmbs/../sysdeps/x86_64/multiarch/wcschr.c
+1 2
fe=(65)

fn=(226)
32 6
-2 10
fi=(176) ./wcsmbs/../sysdeps/x86_64/multiarch/wmemchr.c
+1 2
fe=(65)

fn=(278)
32 3
-2 5
fi=(177) ./wcsmbs/../sysdeps/x86_64/multiarch/wcslen.c
-1 1
fe=(65)

fl=(109)
fn=(440)
32 122
+8 61
-8 122
+8 363
+4 122
+4 240
+12 5
-19 2
cfi=(110) ./misc/../sysdeps/unix/sysv/linux/x86_64/brk.c
cfn=(442) brk
calls=1 -10 
* 10
* 2
+4 2
+11 60
cfi=(110)
cfn=(442)
calls=60 -25 
* 600
* 120
+4 300

fl=(160)
fn=(926)
27 1
+4 1
+2 2

fl=(124)
fn=(542)
278 6979126
+10 498509
-8 498509
+8 997018
+1 498509
fi=(131) ./stdio-common/../include/scratch_buffer.h
78 498509
fe=(124)
289 498509
fi=(131)
77 997018
fe=(124)
339 498509
fi=(131)
77 498509
fe=(124)
339 1994036
+6 1495529
+3 2492545
+4 997018
+20 498509
-13 498509
+13 498509
-13 498509
+6 498509
+2 1994036
+5 6979126
fi=(125) ./stdio-common/../sysdeps/unix/sysv/linux/x86/lowlevellock.h
47 1495527
fe=(124)
372 1495527
+9 498509
-4 498509
+4 1495527
-49 498509
-49 498509
+1 498509
+9 498509
-11 498509
503 997018
328 498509
503 498509
327 498509
-1 498509
-1 498509
-12 498509
503 498509
-85 997018
+23 1994036
+1 997018
-61 1495521
3020 1994028
345 997014
+3 4
3030 7477635
fi=(131)
85 1495527
fe=(124)
3034 997018
+17 997014
+6 5982108
206 498509
+16 498509
+1 997018
487 2492545
+2 997018
cfi=(126)
cfn=(546)
calls=498509 76 
* 16450797
+1 498509
-12 498509
+11 498509
+7 498509
-6 997018
+38 2492545
+3 5483599
+80 997018
+4 997018
+1 498509
-1 498509
+1 997018
+1 1495527
+3 997018
+1 3489563
+6 6104001
+3 2034546
-3 1017273
+3 4069330
-3 119
+3 476
-3 2034788
+3 12
+1 2492545
+1 4486567
cfi=(114)
cfn=(572)
calls=498507 +3 
* 8973126
+4 3988056
-9 242
cfi=(114)
cfn=(548)
calls=121 299 
* 39170
* 371
-21 498509
+1 498509
+4 498509
-4 498509
3036 6
636 16
-4 498507
+20 997014
1016 498507
652 498507
1016 498507
652 498507
1016 997014
652 4
1016 2
652 2
1016 2
652 2
1016 4
+2 1994036
+2 3988060
+10 997014
-10 498507
+10 1495521
+71 498507
-81 2492535
+81 2492535
+42 45354964
1030 9069428
1143 4534714
1030 9071660
1143 1116
1030 2232
1143 4037326
-45 13607499
+2 9071666
+1 13607499
-1 9071666
+43 3348
cfi=(114)
cfn=(548)
calls=1116 299 
* 171864
* 4464
+2 1495521
2988 1495521
+2 997014
+8 498507
381 997014
2988 498507
+8 997014
1020 4
+2 12
1932 1495512
1032 1495512
cfi=(114)
cfn=(572)
calls=498504 635 
* 8973072
+1 498504
-15 6979126
1897 12

fl=(130) ./io/../sysdeps/unix/sysv/linux/read.c
fn=(570) read
26 7422
+1 1237

fl=(153)
fn=(852)
117 4
+5 1

fl=(110)
fn=(442)
31 366
+2 122
+6 61
+1 61

fl=(121)
fn=(528)
25 2
+9 2
-9 6
+9 4
cfi=(122)
cfn=(530)
calls=2 -3 
* 40
* 4
+4 2
-1 2
+1 14
+1 10

fl=(157)
fn=(890)
30 8
+3 1
fi=(96)
+14 1
fe=(157)
-14 2
fi=(96)
+14 2
+4 1
fe=(157)
-15 3
+4 7
-4 3
+58 4
+4 7
-4 3
+12 2
+1 2
cfi=(158)
cfn=(894)
calls=1 -28 
* 16
+2 4
+1 8

fl=(99)
fn=(386)
28 2
+2 2
-1 1
+5 3

fl=(88)
fn=(334)
43 1
+1 1
+2 1
+1 1
+3 1
+1 1
+1 1
+2 1
+1 1
+1 1
+1 1
+1 1
+1 1
+2 1
+1 1
+12 1
+1 1
216 1
+1 1
+1 1
+1 1
+1 1
+2 1
+1 1
+1 1
+1 1
+1 1

fl=(133)
fn=(644)
92 6462887
+1 6462887
+2 6462887
+1 6462887
+1 6462887
+1 6462887
+1 6462887
+2 4853181
+1 4853181
+1 4853181
+1 4853181
+1 4853181
+1 4853181
+1 4853181
+1 4853181
+18 4853181
+1 4853181
+1 4853181
+2 4853181
+1 4853181
717 1609706
+1 1609706
+4 1609706
+11 1609706
+1 1609706
+1 1609706
+2 1609706
+1 1609706
+10 1609706
+1 1609706
+2 1609706
+1 1609706
+1 1609706
+1 1609706
+1 1609706
+1 1609706
+1 1609706

fl=(115)
fn=(482)
214 20
+9 4
+2 10
357 24
225 2
+13 4
+10 16
+33 10
cfn=(484) _IO_file_open
calls=2 -98 
* 164
* 2
+3 4
+3 6
cfi=(118)
cfn=(488)
calls=2 77 
* 110
* 2
+1 4
-59 2
-1 2
-13 4

fn=(800)
129 6
+2 6
+4 4
+3 2
-3 2
-1 4
+6 2
+3 2
-3 2
cfi=(114)
cfn=(802)
calls=2 960 
* 18
+3 6
fi=(129)
941 6
+2 4
+1 4
fe=(115)
143 4
cfn=(804) _IO_file_close
calls=2 1168 
* 14
* 2
+3 6
+8 10
cfi=(114)
cfn=(562)
calls=2 329 
* 318
+1 2
+3 2
-3 4
+1 6
+2 2
cfi=(114)
cfn=(792)
calls=2 54 
* 6
+5 2
-4 2
+1 2
+3 2
-2 2
+3 10

fn=(924)
793 4
+5 4
+2 1
+1 2
+11 2
+4 4

fn=(552)
466 3711
-4 9896
+7 2474
+6 3711
+3 2474
+12 2470
fi=(129)
885 2474
+56 1237
+2 1237
-2 1237
fe=(115)
506 2474
cfi=(114)
cfn=(566)
calls=1237 164 
* 29688
+11 1237
-5 1237
fi=(129)
943 1237
fe=(115)
512 1237
fi=(129)
943 1237
fe=(115)
512 1237
+1 1237
+2 1237
-1 2474
fi=(129)
944 2474
fe=(115)
517 4948
cfn=(568) _IO_file_read
calls=1237 1132 
* 14844
+2 2474
+16 1235
-9 1235
+9 2470
+2 2470
+1 9880
-6 2
-10 10
+11 2
-11 4
+16 16
-57 6
+5 4
cfi=(114)
cfn=(554)
calls=2 344 
* 20524
+4 8

fn=(766) new_do_write
432 1
fi=(129)
943 1
fe=(115)
432 2
fi=(129)
941 1
fe=(115)
432 1
fi=(129)
941 1
fe=(115)
432 1
fi=(129)
941 1
fe=(115)
432 5
+12 1
fi=(129)
943 2
fe=(115)
434 2
fi=(129)
944 2
fe=(115)
449 4
cfn=(770) _IO_file_write@@GLIBC_2.2.5
calls=1 1174 
* 44
+1 1
-1 1
+1 4
+2 1
+4 1
-4 3
+1 2
+3 2
-2 1
+4 9
-17 4
+14 2

fn=(718) _IO_do_write@@GLIBC_2.2.5
426 5
+1 1
-3 2
+2 1
cfn=(766)
calls=1 +6 
* 100
* 1
+1 1
-1 3
+1 1

fn=(920)
382 2
+1 1
cfi=(114)
cfn=(922)
calls=1 +69 
* 67
* 2
+4 2
-1 2
+2 3
+2 1
+1 2

fn=(558)
1147 3
+1 9
cfi=(128)
cfn=(560)
calls=3 33 
* 30

fn=(484)
183 2
+3 2
-3 14
+2 4
+4 2
cfi=(117)
cfn=(486)
calls=2 37 
* 66
* 2
+1 4
+3 4
+3 2
-4 2
+1 8
+3 4
+10 4
cfi=(114)
cfn=(478)
calls=2 87 
* 34
+1 2
+1 8

fn=(714) _IO_file_xsputn@@GLIBC_2.2.5
1198 6
+7 2
-7 8
+6 8
+9 4
-2 8
+17 3
+6 1
+2 1
+2 3
-2 1
cfi=(140)
cfn=(762)
calls=1 220 
* 17
* 1
+1 1
+1 1
-2 1
+4 2
+28 18
-55 1
+4 1
-4 1
+1 2
+18 1
+12 1
fi=(129)
941 3
+2 2
+1 2
fe=(115)
1244 1
fi=(129)
941 3
+2 2
+1 2
fe=(115)
1244 6
cfn=(716)
calls=2 732 
* 512
* 4
+6 4
+1 14
+2 4
+11 6
+1 4
cfi=(114)
cfn=(720)
calls=1 371 
* 501
+2 3
-48 3
-2 2
+4 1
+11 3
+26 2

fn=(476)
112 2
-5 4
+4 2
+3 2
cfi=(114)
cfn=(478)
calls=2 -27 
* 166
+1 2
+1 4

fn=(568)
1132 1237
+2 1237
-1 1237
+1 2474
cfi=(130)
cfn=(570)
calls=1237 26 
* 8659

fn=(770)
1174 6
+2 6
+5 1
cfi=(150) ./io/../sysdeps/unix/sysv/linux/write.c
cfn=(772) write
calls=1 26 
* 8
+1 2
+5 1
+1 1
-12 2
+4 3
+1 2
+10 3
+3 6
-4 3

fn=(804)
1168 4
cfi=(152) ./io/../sysdeps/unix/sysv/linux/close_nocancel.c
cfn=(806) __close_nocancel
calls=2 26 
* 10

fn=(812)
169 8
+1 4
+7 2
-1 4
+1 4
-1 2
cfi=(114)
cfn=(814)
calls=2 601 
* 30

fn=(716)
732 80
+1 60
+7 118
+37 19
-2 38
+3 36
+3 54
+1 54
+1 72
+4 18
+1 72
-45 2
+12 2
+9 3
+5 3
+2 2
-5 1
+5 1
+1 1
-5 1
+1 1
+4 4
+1 1
+2 2
+2 2
+11 2
-12 2
+12 4
-11 2
-1 2
cfn=(718)
calls=2 426 
* 115
-31 2
cfi=(114)
cfn=(554)
calls=1 344 
* 324
+1 1
+9 1
-9 4

fl=(150)
fn=(772)
26 7
+1 1

fl=(103)
fn=(406)
30 1
-1 2
+1 1
fi=(104)
291 4
cfn=(410)
calls=1 -2 
* 74263
fe=(103)
32 1
+1 1
-1 1
cfi=(102)
cfn=(428)
calls=1 3031 
* 676

fn=(506)
46 5
+1 2
fi=(104)
291 3
fi=(102)
3261 1
fe=(103)
50 1
fi=(102)
3261 2
fe=(103)
50 2
fi=(102)
3261 1
cfn=(505)
calls=1 +10 
* 309
fe=(103)

fl=(77)
fn=(266)
40 3
-2 1
+2 1
-2 2
+11 1

fl=(66)
fn=(232)
34 1
-1 2
+1 1
-2 2
+2 3
+1 2
fi=(67) ./string/../sysdeps/x86_64/multiarch/memcmp.c
-6 1
fe=(66)

fl=(138)
fn=(730)
34 3
+2 1
+2 1
-2 1
+2 3
+1 1
+15 1
-15 3
+9 2
+6 2
+66 2
-5 2

fl=(70)
fn=(240)
42 10
+4 4
-1 4
+6 4
+6 4
+2 10

fl=(135)
fn=(706)
1289 12
+31 5
+8 4
+4 5
+11 3
+11 2
fi=(126)
111 2
fe=(135)
1354 2
fi=(126)
111 1
cfi=(119)
cfn=(710) __strchrnul_avx2
calls=1 -66 
* 29
* 1
fe=(135)
1369 2
fi=(126)
111 1
fe=(135)
1365 1
+4 1
+4 1
fi=(178) ./stdio-common/../libio/libioP.h
941 1
+2 1
-2 2
+2 1
-2 1
+2 1
+1 2
fe=(135)
1373 6
cfi=(115)
cfn=(714)
calls=1 1198 
* 944
* 4
+4 1
-4 1
+4 2
+4 7
-57 1
+57 1
-23 1
-8 1
+73 8
-13 1
-1 1
+14 1
-3 1
-4 1
-9 1
+16 1
-15 1
+7 1
-3 1
+11 2
-17 1
-1 1
+18 2
-19 1
-1 1
+20 1
-3 1
-9 1
-9 1
+17 2
1741 7
+1 3
+3 12
1369 7
+1 7
fi=(125)
47 2
fe=(135)
1370 4
1741 6
-36 1
+2 2
+8 1
fi=(126)
111 2
fe=(135)
1715 1
fi=(126)
111 1
fe=(135)
1715 1
fi=(126)
111 1
cfi=(119)
cfn=(710)
calls=1 -66 
* 18
* 1
fe=(135)
1719 1
-4 1
+4 3
fi=(178)
943 3
+1 2
fe=(135)
1719 6
cfi=(115)
cfn=(714)
calls=1 1198 
* 233
* 13
+2 3
-34 53
cfi=(136)
cfn=(724)
calls=1 1267 
* 2548
* 2
-20 10
-2 1
+1 1
+1 8
+20 10

fl=(139)
fn=(732)
29 1
+1 1
+2 1
+1 1
+1 1
+12 1
+1 1
+1 1
+1 1
+1 1
+1 1
+1 1
+6 1
+1 1
+1 1

fl=(142)
fn=(740)
29 2
+1 2
+1 2
+13 2
+1 2
+16 2
+1 2
+1 2
+1 2
+1 2
+1 2
+1 2
+5 2
+1 2
+1 2
+1 2
+1 2

fl=(91)
fn=(342) handle_intel.constprop.0
259 21
+2 9
+3 6
+8 6
+3 6
-2 3
+2 3
-5 6
+11 15
+5 6
+2 3
+1 3
-1 3
+5 12
cfn=(344) intel_check_word.constprop.0
calls=3 132 
* 993
+2 6
+3 15
cfn=(344)
calls=3 132 
* 317
+2 6
+19 33

fn=(344)
132 18
-4 24
+10 18
-10 6
+10 24
+2 12
+68 18
+3 36
-71 24
+2 15
+2 30
+8 30
+51 24
+22 12
fi=(92) ./string/../bits/stdlib-bsearch.h
28 12
-1 24
+8 66
-6 162
+2 162
+1 81
fe=(91)
+87 162
+3 81
fi=(92)
-85 30
fe=(91)
+97 3
255 24
-91 9
+3 9
-6 3
+3 6
+9 6
+1 6
+22 5
-32 15
+3 15
+4 16
+2 32
+2 14
+1 4
+5 3
+2 6
+2 3
+2 3
+1 3
-2 3
-1 3
+2 6
-2 3
+3 3
-2 9
+2 9
-11 10
+1 6
+1 2

fn=(340)
488 7
+14 2
769 1
+13 1
502 2
772 2
+2 1
+1 1
+2 1
-3 1
+5 1
-5 1
+4 3
+4 2
+3 2
+2 1
+1 1
+2 1
-3 1
+5 1
-5 1
+4 3
+15 1
+2 6
-2 1
+3 8
500 1
+4 1
-4 1
+4 1
cfn=(342)
calls=1 259 
* 457
+2 1
-2 1
+2 1
cfn=(342)
calls=1 259 
* 495
+5 1
-5 1
+5 1
cfn=(342)
calls=1 259 
* 520
* 1
+8 2
-9 1
+20 1
+5 2
+4 2
+8 6
+3 4
+6 2
-6 9
+6 6
+3 26
+14 2
+4 1
+3 1
+1 1
-4 1
+3 1
-3 1
+3 1
+6 4
-39 6
691 4
+1 5
+4 2
+73 2
564 2
+4 1
+1 1
-1 2
+1 1
+23 2
+8 2
+2 1
-2 6
+2 4
-2 1
+4 1
+23 2
-25 2
+2 6
+2 6
+3 2
+1 8
+2 4
+3 2
+5 1
+2 2
+1 1
+1 1
-2 2
+1 1
+1 1
+27 2
+1 2
+2 1
-1 1
+1 1
-24 2
-7 1
+11 2
+3 1
+2 4
+1 1
+5 2

fl=(94)
fn=(352)
137 10
+4 1
-4 3
+4 3
+96 2
+1 3
cfi=(95)
cfn=(354)
calls=1 70 
* 72
+22 4
+3 2
+1 5
cob=(5)
cfi=(93)
cfn=(362)
calls=1 0 
* 49
+4 4
+15 2
+12 2
cfi=(97)
cfn=(382)
calls=1 30 
* 28
+1 2
+5 2
+1 2
+3 2
+3 6
cob=(5)
cfi=(93)
cfn=(388)
calls=1 0 
* 3190262813
* 1
+34 1
cfi=(154)
cfn=(860)
calls=1 138 
* 1076

fl=(143)
fn=(742)
28 9
+7 1

fl=(119)
fn=(710)
45 2
+2 2
+1 2
+1 2
+2 2
+1 2
+1 2
+4 1
+1 1
+1 1
+1 1
+1 1
+1 1
+1 1

ob=(4)
fl=(85)
fn=(882)
0 8
cob=(2)
cfi=(17)
cfn=(888)
calls=1 0 
0 75
0 1
cfn=(900) 0x0000000000001050
calls=1 0 
0 5
0 3

ob=(3)
fl=(119)
fn=(710)
74 1
+1 1
+1 1
+1 1
+1 1
+1 1
+1 1
+2 1
+1 1
+1 1
+17 1
+5 1
+1 1
+1 1
+1 1
+1 1
+1 1
+1 1
+72 2
+2 2
+7 2
+1 2

fn=(492)
45 2
+2 2
+1 2
+1 2
+2 2
+1 2
+1 2
+4 2
+1 2
+1 2
+1 2
+1 2
+1 2
+1 2

ob=(4)
fl=(85)
fn=(900)
0 5

fn=(322)
0 10

ob=(3)
fl=(119)
fn=(492)
184 2
+4 2
+1 2
+1 2
+1 2
+2 2
+1 2

fl=(152)
fn=(806)
26 8
+1 2

ob=(4)
fl=(85)
fn=(322)
0 1

totals: 3190381646
